{"/Users/dragan/Documents/how-not-to-diet/src/islands/MenuBuilder.tsx": {"path":"/Users/dragan/Documents/how-not-to-diet/src/islands/MenuBuilder.tsx","statementMap":{"0":{"start":{"line":58,"column":24},"end":{"line":58,"column":null}},"1":{"start":{"line":59,"column":28},"end":{"line":59,"column":null}},"2":{"start":{"line":60,"column":22},"end":{"line":60,"column":null}},"3":{"start":{"line":61,"column":34},"end":{"line":61,"column":null}},"4":{"start":{"line":62,"column":36},"end":{"line":62,"column":null}},"5":{"start":{"line":68,"column":2},"end":{"line":92,"column":null}},"6":{"start":{"line":70,"column":6},"end":{"line":88,"column":null}},"7":{"start":{"line":71,"column":8},"end":{"line":71,"column":null}},"8":{"start":{"line":74,"column":28},"end":{"line":74,"column":null}},"9":{"start":{"line":75,"column":8},"end":{"line":75,"column":null}},"10":{"start":{"line":76,"column":8},"end":{"line":76,"column":null}},"11":{"start":{"line":79,"column":14},"end":{"line":79,"column":null}},"12":{"start":{"line":80,"column":8},"end":{"line":82,"column":null}},"13":{"start":{"line":81,"column":10},"end":{"line":81,"column":null}},"14":{"start":{"line":84,"column":8},"end":{"line":84,"column":null}},"15":{"start":{"line":86,"column":8},"end":{"line":86,"column":null}},"16":{"start":{"line":87,"column":8},"end":{"line":87,"column":null}},"17":{"start":{"line":91,"column":4},"end":{"line":91,"column":null}},"18":{"start":{"line":98,"column":8},"end":{"line":101,"column":null}},"19":{"start":{"line":99,"column":4},"end":{"line":99,"column":null}},"20":{"start":{"line":99,"column":28},"end":{"line":99,"column":null}},"21":{"start":{"line":100,"column":4},"end":{"line":100,"column":null}},"22":{"start":{"line":103,"column":8},"end":{"line":122,"column":null}},"23":{"start":{"line":104,"column":4},"end":{"line":107,"column":null}},"24":{"start":{"line":105,"column":6},"end":{"line":105,"column":null}},"25":{"start":{"line":106,"column":6},"end":{"line":106,"column":null}},"26":{"start":{"line":109,"column":28},"end":{"line":109,"column":null}},"27":{"start":{"line":110,"column":10},"end":{"line":115,"column":null}},"28":{"start":{"line":116,"column":4},"end":{"line":120,"column":null}},"29":{"start":{"line":121,"column":4},"end":{"line":121,"column":null}},"30":{"start":{"line":128,"column":8},"end":{"line":135,"column":null}},"31":{"start":{"line":129,"column":4},"end":{"line":129,"column":null}},"32":{"start":{"line":129,"column":29},"end":{"line":129,"column":null}},"33":{"start":{"line":131,"column":18},"end":{"line":131,"column":null}},"34":{"start":{"line":132,"column":4},"end":{"line":134,"column":null}},"35":{"start":{"line":133,"column":6},"end":{"line":133,"column":null}},"36":{"start":{"line":141,"column":24},"end":{"line":159,"column":null}},"37":{"start":{"line":142,"column":4},"end":{"line":158,"column":null}},"38":{"start":{"line":143,"column":22},"end":{"line":143,"column":null}},"39":{"start":{"line":144,"column":24},"end":{"line":144,"column":null}},"40":{"start":{"line":147,"column":6},"end":{"line":149,"column":null}},"41":{"start":{"line":148,"column":8},"end":{"line":148,"column":null}},"42":{"start":{"line":151,"column":6},"end":{"line":151,"column":null}},"43":{"start":{"line":152,"column":6},"end":{"line":152,"column":null}},"44":{"start":{"line":155,"column":6},"end":{"line":155,"column":null}},"45":{"start":{"line":157,"column":6},"end":{"line":157,"column":null}},"46":{"start":{"line":161,"column":29},"end":{"line":176,"column":null}},"47":{"start":{"line":166,"column":4},"end":{"line":175,"column":null}},"48":{"start":{"line":167,"column":22},"end":{"line":167,"column":null}},"49":{"start":{"line":168,"column":24},"end":{"line":168,"column":null}},"50":{"start":{"line":168,"column":68},"end":{"line":168,"column":81}},"51":{"start":{"line":169,"column":6},"end":{"line":169,"column":null}},"52":{"start":{"line":172,"column":6},"end":{"line":172,"column":null}},"53":{"start":{"line":174,"column":6},"end":{"line":174,"column":null}},"54":{"start":{"line":178,"column":28},"end":{"line":181,"column":null}},"55":{"start":{"line":179,"column":4},"end":{"line":179,"column":null}},"56":{"start":{"line":180,"column":4},"end":{"line":180,"column":null}},"57":{"start":{"line":183,"column":26},"end":{"line":186,"column":null}},"58":{"start":{"line":184,"column":4},"end":{"line":184,"column":null}},"59":{"start":{"line":185,"column":4},"end":{"line":185,"column":null}},"60":{"start":{"line":192,"column":23},"end":{"line":201,"column":null}},"61":{"start":{"line":193,"column":17},"end":{"line":193,"column":null}},"62":{"start":{"line":194,"column":4},"end":{"line":194,"column":null}},"63":{"start":{"line":194,"column":15},"end":{"line":194,"column":null}},"64":{"start":{"line":197,"column":30},"end":{"line":197,"column":null}},"65":{"start":{"line":199,"column":4},"end":{"line":199,"column":null}},"66":{"start":{"line":200,"column":4},"end":{"line":200,"column":null}},"67":{"start":{"line":203,"column":27},"end":{"line":223,"column":null}},"68":{"start":{"line":204,"column":10},"end":{"line":204,"column":null}},"69":{"start":{"line":206,"column":4},"end":{"line":209,"column":null}},"70":{"start":{"line":207,"column":6},"end":{"line":207,"column":null}},"71":{"start":{"line":208,"column":6},"end":{"line":208,"column":null}},"72":{"start":{"line":211,"column":26},"end":{"line":211,"column":null}},"73":{"start":{"line":211,"column":45},"end":{"line":211,"column":51}},"74":{"start":{"line":212,"column":17},"end":{"line":212,"column":null}},"75":{"start":{"line":214,"column":4},"end":{"line":214,"column":null}},"76":{"start":{"line":214,"column":15},"end":{"line":214,"column":null}},"77":{"start":{"line":216,"column":10},"end":{"line":216,"column":null}},"78":{"start":{"line":217,"column":4},"end":{"line":222,"column":null}},"79":{"start":{"line":218,"column":6},"end":{"line":218,"column":null}},"80":{"start":{"line":219,"column":6},"end":{"line":219,"column":null}},"81":{"start":{"line":221,"column":6},"end":{"line":221,"column":null}},"82":{"start":{"line":229,"column":31},"end":{"line":236,"column":null}},"83":{"start":{"line":230,"column":4},"end":{"line":235,"column":null}},"84":{"start":{"line":231,"column":6},"end":{"line":231,"column":null}},"85":{"start":{"line":232,"column":6},"end":{"line":232,"column":null}},"86":{"start":{"line":234,"column":6},"end":{"line":234,"column":null}},"87":{"start":{"line":238,"column":28},"end":{"line":245,"column":null}},"88":{"start":{"line":239,"column":4},"end":{"line":244,"column":null}},"89":{"start":{"line":240,"column":6},"end":{"line":240,"column":null}},"90":{"start":{"line":242,"column":6},"end":{"line":242,"column":null}},"91":{"start":{"line":243,"column":6},"end":{"line":243,"column":null}},"92":{"start":{"line":251,"column":22},"end":{"line":253,"column":null}},"93":{"start":{"line":252,"column":4},"end":{"line":252,"column":null}},"94":{"start":{"line":252,"column":29},"end":{"line":252,"column":40}},"95":{"start":{"line":259,"column":2},"end":{"line":265,"column":null}},"96":{"start":{"line":260,"column":4},"end":{"line":263,"column":null}},"97":{"start":{"line":267,"column":2},"end":{"line":345,"column":null}},"98":{"start":{"line":318,"column":33},"end":{"line":318,"column":null}},"99":{"start":{"line":329,"column":16},"end":{"line":339,"column":null}},"100":{"start":{"line":333,"column":20},"end":{"line":337,"column":null}},"101":{"start":{"line":366,"column":28},"end":{"line":374,"column":null}},"102":{"start":{"line":376,"column":32},"end":{"line":376,"column":null}},"103":{"start":{"line":378,"column":22},"end":{"line":380,"column":null}},"104":{"start":{"line":379,"column":4},"end":{"line":379,"column":null}},"105":{"start":{"line":379,"column":29},"end":{"line":379,"column":40}},"106":{"start":{"line":382,"column":2},"end":{"line":439,"column":null}},"107":{"start":{"line":388,"column":12},"end":{"line":388,"column":null}},"108":{"start":{"line":394,"column":10},"end":{"line":436,"column":null}},"109":{"start":{"line":398,"column":16},"end":{"line":398,"column":null}},"110":{"start":{"line":399,"column":30},"end":{"line":399,"column":null}},"111":{"start":{"line":401,"column":14},"end":{"line":433,"column":null}},"112":{"start":{"line":408,"column":33},"end":{"line":408,"column":null}},"113":{"start":{"line":415,"column":37},"end":{"line":415,"column":null}},"114":{"start":{"line":416,"column":24},"end":{"line":428,"column":null}},"115":{"start":{"line":421,"column":32},"end":{"line":421,"column":null}},"116":{"start":{"line":422,"column":32},"end":{"line":422,"column":null}},"117":{"start":{"line":450,"column":27},"end":{"line":459,"column":null}},"118":{"start":{"line":451,"column":4},"end":{"line":458,"column":null}},"119":{"start":{"line":453,"column":8},"end":{"line":453,"column":null}},"120":{"start":{"line":455,"column":8},"end":{"line":455,"column":null}},"121":{"start":{"line":457,"column":8},"end":{"line":457,"column":null}},"122":{"start":{"line":461,"column":2},"end":{"line":484,"column":null}},"123":{"start":{"line":474,"column":12},"end":{"line":476,"column":null}}},"fnMap":{"0":{"name":"MenuBuilder","decl":{"start":{"line":53,"column":24},"end":{"line":53,"column":38}},"loc":{"start":{"line":53,"column":38},"end":{"line":347,"column":null}},"line":53},"1":{"name":"(anonymous_1)","decl":{"start":{"line":68,"column":12},"end":{"line":68,"column":18}},"loc":{"start":{"line":68,"column":18},"end":{"line":92,"column":5}},"line":68},"2":{"name":"loadData","decl":{"start":{"line":69,"column":19},"end":{"line":69,"column":30}},"loc":{"start":{"line":69,"column":30},"end":{"line":89,"column":null}},"line":69},"3":{"name":"(anonymous_3)","decl":{"start":{"line":98,"column":29},"end":{"line":98,"column":35}},"loc":{"start":{"line":98,"column":35},"end":{"line":101,"column":5}},"line":98},"4":{"name":"(anonymous_4)","decl":{"start":{"line":103,"column":30},"end":{"line":103,"column":36}},"loc":{"start":{"line":103,"column":36},"end":{"line":122,"column":5}},"line":103},"5":{"name":"(anonymous_5)","decl":{"start":{"line":128,"column":38},"end":{"line":128,"column":44}},"loc":{"start":{"line":128,"column":44},"end":{"line":135,"column":5}},"line":128},"6":{"name":"(anonymous_6)","decl":{"start":{"line":132,"column":30},"end":{"line":132,"column":31}},"loc":{"start":{"line":133,"column":6},"end":{"line":133,"column":null}},"line":133},"7":{"name":"(anonymous_7)","decl":{"start":{"line":141,"column":24},"end":{"line":141,"column":25}},"loc":{"start":{"line":141,"column":80},"end":{"line":159,"column":null}},"line":141},"8":{"name":"(anonymous_8)","decl":{"start":{"line":142,"column":12},"end":{"line":142,"column":13}},"loc":{"start":{"line":142,"column":22},"end":{"line":158,"column":5}},"line":142},"9":{"name":"(anonymous_9)","decl":{"start":{"line":161,"column":29},"end":{"line":161,"column":null}},"loc":{"start":{"line":165,"column":7},"end":{"line":176,"column":null}},"line":165},"10":{"name":"(anonymous_10)","decl":{"start":{"line":166,"column":12},"end":{"line":166,"column":13}},"loc":{"start":{"line":166,"column":22},"end":{"line":175,"column":5}},"line":166},"11":{"name":"(anonymous_11)","decl":{"start":{"line":168,"column":60},"end":{"line":168,"column":61}},"loc":{"start":{"line":168,"column":68},"end":{"line":168,"column":81}},"line":168},"12":{"name":"(anonymous_12)","decl":{"start":{"line":178,"column":28},"end":{"line":178,"column":29}},"loc":{"start":{"line":178,"column":68},"end":{"line":181,"column":null}},"line":178},"13":{"name":"(anonymous_13)","decl":{"start":{"line":183,"column":26},"end":{"line":183,"column":32}},"loc":{"start":{"line":183,"column":32},"end":{"line":186,"column":null}},"line":183},"14":{"name":"(anonymous_14)","decl":{"start":{"line":192,"column":23},"end":{"line":192,"column":29}},"loc":{"start":{"line":192,"column":29},"end":{"line":201,"column":null}},"line":192},"15":{"name":"(anonymous_15)","decl":{"start":{"line":203,"column":27},"end":{"line":203,"column":33}},"loc":{"start":{"line":203,"column":33},"end":{"line":223,"column":null}},"line":203},"16":{"name":"(anonymous_16)","decl":{"start":{"line":211,"column":38},"end":{"line":211,"column":39}},"loc":{"start":{"line":211,"column":45},"end":{"line":211,"column":51}},"line":211},"17":{"name":"(anonymous_17)","decl":{"start":{"line":229,"column":31},"end":{"line":229,"column":37}},"loc":{"start":{"line":229,"column":37},"end":{"line":236,"column":null}},"line":229},"18":{"name":"(anonymous_18)","decl":{"start":{"line":238,"column":28},"end":{"line":238,"column":40}},"loc":{"start":{"line":238,"column":40},"end":{"line":245,"column":null}},"line":238},"19":{"name":"(anonymous_19)","decl":{"start":{"line":251,"column":22},"end":{"line":251,"column":23}},"loc":{"start":{"line":251,"column":56},"end":{"line":253,"column":null}},"line":251},"20":{"name":"(anonymous_20)","decl":{"start":{"line":252,"column":22},"end":{"line":252,"column":23}},"loc":{"start":{"line":252,"column":29},"end":{"line":252,"column":40}},"line":252},"21":{"name":"(anonymous_21)","decl":{"start":{"line":318,"column":26},"end":{"line":318,"column":27}},"loc":{"start":{"line":318,"column":33},"end":{"line":318,"column":null}},"line":318},"22":{"name":"(anonymous_22)","decl":{"start":{"line":328,"column":52},"end":{"line":328,"column":53}},"loc":{"start":{"line":329,"column":16},"end":{"line":339,"column":null}},"line":329},"23":{"name":"(anonymous_23)","decl":{"start":{"line":332,"column":25},"end":{"line":332,"column":null}},"loc":{"start":{"line":333,"column":20},"end":{"line":337,"column":null}},"line":333},"24":{"name":"WeeklyGrid","decl":{"start":{"line":353,"column":9},"end":{"line":353,"column":20}},"loc":{"start":{"line":365,"column":3},"end":{"line":441,"column":null}},"line":365},"25":{"name":"(anonymous_25)","decl":{"start":{"line":378,"column":22},"end":{"line":378,"column":23}},"loc":{"start":{"line":378,"column":56},"end":{"line":380,"column":null}},"line":378},"26":{"name":"(anonymous_26)","decl":{"start":{"line":379,"column":22},"end":{"line":379,"column":23}},"loc":{"start":{"line":379,"column":29},"end":{"line":379,"column":40}},"line":379},"27":{"name":"(anonymous_27)","decl":{"start":{"line":387,"column":20},"end":{"line":387,"column":21}},"loc":{"start":{"line":388,"column":12},"end":{"line":388,"column":null}},"line":388},"28":{"name":"(anonymous_28)","decl":{"start":{"line":393,"column":23},"end":{"line":393,"column":24}},"loc":{"start":{"line":394,"column":10},"end":{"line":436,"column":null}},"line":394},"29":{"name":"(anonymous_29)","decl":{"start":{"line":396,"column":22},"end":{"line":396,"column":23}},"loc":{"start":{"line":396,"column":31},"end":{"line":435,"column":13}},"line":396},"30":{"name":"(anonymous_30)","decl":{"start":{"line":408,"column":27},"end":{"line":408,"column":33}},"loc":{"start":{"line":408,"column":33},"end":{"line":408,"column":null}},"line":408},"31":{"name":"(anonymous_31)","decl":{"start":{"line":414,"column":35},"end":{"line":414,"column":36}},"loc":{"start":{"line":414,"column":47},"end":{"line":430,"column":23}},"line":414},"32":{"name":"(anonymous_32)","decl":{"start":{"line":420,"column":39},"end":{"line":420,"column":40}},"loc":{"start":{"line":420,"column":46},"end":{"line":423,"column":null}},"line":420},"33":{"name":"SuggestionItem","decl":{"start":{"line":443,"column":9},"end":{"line":443,"column":24}},"loc":{"start":{"line":449,"column":3},"end":{"line":486,"column":null}},"line":449},"34":{"name":"(anonymous_34)","decl":{"start":{"line":450,"column":27},"end":{"line":450,"column":33}},"loc":{"start":{"line":450,"column":33},"end":{"line":459,"column":null}},"line":450},"35":{"name":"(anonymous_35)","decl":{"start":{"line":473,"column":48},"end":{"line":473,"column":49}},"loc":{"start":{"line":474,"column":12},"end":{"line":476,"column":null}},"line":474}},"branchMap":{"0":{"loc":{"start":{"line":80,"column":8},"end":{"line":82,"column":null}},"type":"if","locations":[{"start":{"line":80,"column":8},"end":{"line":82,"column":null}},{"start":{},"end":{}}],"line":80},"1":{"loc":{"start":{"line":99,"column":4},"end":{"line":99,"column":null}},"type":"if","locations":[{"start":{"line":99,"column":4},"end":{"line":99,"column":null}},{"start":{},"end":{}}],"line":99},"2":{"loc":{"start":{"line":104,"column":4},"end":{"line":107,"column":null}},"type":"if","locations":[{"start":{"line":104,"column":4},"end":{"line":107,"column":null}},{"start":{},"end":{}}],"line":104},"3":{"loc":{"start":{"line":104,"column":8},"end":{"line":104,"column":43}},"type":"binary-expr","locations":[{"start":{"line":104,"column":8},"end":{"line":104,"column":23}},{"start":{"line":104,"column":23},"end":{"line":104,"column":43}}],"line":104},"4":{"loc":{"start":{"line":129,"column":4},"end":{"line":129,"column":null}},"type":"if","locations":[{"start":{"line":129,"column":4},"end":{"line":129,"column":null}},{"start":{},"end":{}}],"line":129},"5":{"loc":{"start":{"line":147,"column":6},"end":{"line":149,"column":null}},"type":"if","locations":[{"start":{"line":147,"column":6},"end":{"line":149,"column":null}},{"start":{},"end":{}}],"line":147},"6":{"loc":{"start":{"line":194,"column":4},"end":{"line":194,"column":null}},"type":"if","locations":[{"start":{"line":194,"column":4},"end":{"line":194,"column":null}},{"start":{},"end":{}}],"line":194},"7":{"loc":{"start":{"line":206,"column":4},"end":{"line":209,"column":null}},"type":"if","locations":[{"start":{"line":206,"column":4},"end":{"line":209,"column":null}},{"start":{},"end":{}}],"line":206},"8":{"loc":{"start":{"line":214,"column":4},"end":{"line":214,"column":null}},"type":"if","locations":[{"start":{"line":214,"column":4},"end":{"line":214,"column":null}},{"start":{},"end":{}}],"line":214},"9":{"loc":{"start":{"line":217,"column":4},"end":{"line":222,"column":null}},"type":"if","locations":[{"start":{"line":217,"column":4},"end":{"line":222,"column":null}},{"start":{"line":220,"column":11},"end":{"line":222,"column":null}}],"line":217},"10":{"loc":{"start":{"line":259,"column":2},"end":{"line":265,"column":null}},"type":"if","locations":[{"start":{"line":259,"column":2},"end":{"line":265,"column":null}},{"start":{},"end":{}}],"line":259},"11":{"loc":{"start":{"line":302,"column":9},"end":{"line":342,"column":null}},"type":"binary-expr","locations":[{"start":{"line":302,"column":9},"end":{"line":302,"column":null}},{"start":{"line":303,"column":10},"end":{"line":342,"column":null}}],"line":302},"12":{"loc":{"start":{"line":324,"column":15},"end":{"line":325,"column":null}},"type":"binary-expr","locations":[{"start":{"line":324,"column":15},"end":{"line":324,"column":null}},{"start":{"line":325,"column":16},"end":{"line":325,"column":null}}],"line":324},"13":{"loc":{"start":{"line":398,"column":16},"end":{"line":398,"column":null}},"type":"binary-expr","locations":[{"start":{"line":398,"column":16},"end":{"line":398,"column":43}},{"start":{"line":398,"column":43},"end":{"line":398,"column":null}}],"line":398},"14":{"loc":{"start":{"line":405,"column":42},"end":{"line":405,"column":66}},"type":"cond-expr","locations":[{"start":{"line":405,"column":53},"end":{"line":405,"column":64}},{"start":{"line":405,"column":64},"end":{"line":405,"column":66}}],"line":405},"15":{"loc":{"start":{"line":406,"column":20},"end":{"line":406,"column":null}},"type":"cond-expr","locations":[{"start":{"line":406,"column":41},"end":{"line":406,"column":52}},{"start":{"line":406,"column":52},"end":{"line":406,"column":null}}],"line":406},"16":{"loc":{"start":{"line":410,"column":19},"end":{"line":431,"column":null}},"type":"cond-expr","locations":[{"start":{"line":411,"column":20},"end":{"line":411,"column":null}},{"start":{"line":413,"column":20},"end":{"line":431,"column":null}}],"line":410},"17":{"loc":{"start":{"line":418,"column":35},"end":{"line":418,"column":59}},"type":"binary-expr","locations":[{"start":{"line":418,"column":35},"end":{"line":418,"column":49}},{"start":{"line":418,"column":49},"end":{"line":418,"column":59}}],"line":418},"18":{"loc":{"start":{"line":451,"column":4},"end":{"line":458,"column":null}},"type":"switch","locations":[{"start":{"line":452,"column":6},"end":{"line":453,"column":null}},{"start":{"line":454,"column":6},"end":{"line":455,"column":null}},{"start":{"line":456,"column":6},"end":{"line":457,"column":null}}],"line":451},"19":{"loc":{"start":{"line":466,"column":9},"end":{"line":467,"column":null}},"type":"binary-expr","locations":[{"start":{"line":466,"column":9},"end":{"line":466,"column":null}},{"start":{"line":467,"column":10},"end":{"line":467,"column":null}}],"line":466},"20":{"loc":{"start":{"line":471,"column":7},"end":{"line":478,"column":null}},"type":"binary-expr","locations":[{"start":{"line":471,"column":7},"end":{"line":471,"column":null}},{"start":{"line":472,"column":8},"end":{"line":478,"column":null}}],"line":471}},"s":{"0":74,"1":74,"2":74,"3":74,"4":74,"5":74,"6":19,"7":19,"8":19,"9":19,"10":19,"11":19,"12":19,"13":1,"14":19,"15":0,"16":0,"17":19,"18":74,"19":38,"20":19,"21":19,"22":74,"23":61,"24":40,"25":40,"26":21,"27":21,"28":21,"29":21,"30":74,"31":74,"32":61,"33":13,"34":13,"35":39,"36":74,"37":6,"38":6,"39":6,"40":6,"41":0,"42":6,"43":6,"44":6,"45":6,"46":74,"47":2,"48":2,"49":2,"50":2,"51":2,"52":2,"53":2,"54":74,"55":13,"56":13,"57":74,"58":1,"59":1,"60":74,"61":2,"62":2,"63":1,"64":1,"65":1,"66":1,"67":74,"68":1,"69":1,"70":0,"71":0,"72":1,"73":1,"74":1,"75":1,"76":0,"77":1,"78":1,"79":1,"80":1,"81":0,"82":74,"83":1,"84":1,"85":1,"86":0,"87":74,"88":1,"89":1,"90":0,"91":0,"92":74,"93":0,"94":0,"95":74,"96":19,"97":55,"98":13,"99":65,"100":6,"101":55,"102":55,"103":55,"104":8,"105":9,"106":55,"107":385,"108":165,"109":1155,"110":1155,"111":1155,"112":13,"113":8,"114":8,"115":2,"116":2,"117":65,"118":65,"119":6,"120":0,"121":59,"122":65,"123":6},"f":{"0":74,"1":19,"2":19,"3":38,"4":61,"5":74,"6":39,"7":6,"8":6,"9":2,"10":2,"11":2,"12":13,"13":1,"14":2,"15":1,"16":1,"17":1,"18":1,"19":0,"20":0,"21":13,"22":65,"23":6,"24":55,"25":8,"26":9,"27":385,"28":165,"29":1155,"30":13,"31":8,"32":2,"33":65,"34":65,"35":6},"b":{"0":[1,18],"1":[19,19],"2":[40,21],"3":[61,21],"4":[61,13],"5":[0,6],"6":[1,1],"7":[0,1],"8":[0,1],"9":[1,0],"10":[19,55],"11":[55,34],"12":[34,5],"13":[1155,102],"14":[34,1121],"15":[8,1147],"16":[1147,8],"17":[8,0],"18":[6,0,59],"19":[65,6],"20":[65,6]},"meta":{"lastBranch":21,"lastFunction":36,"lastStatement":124,"seen":{"f:53:24:53:38":0,"s:58:24:58:Infinity":0,"s:59:28:59:Infinity":1,"s:60:22:60:Infinity":2,"s:61:34:61:Infinity":3,"s:62:36:62:Infinity":4,"s:68:2:92:Infinity":5,"f:68:12:68:18":1,"f:69:19:69:30":2,"s:70:6:88:Infinity":6,"s:71:8:71:Infinity":7,"s:74:28:74:Infinity":8,"s:75:8:75:Infinity":9,"s:76:8:76:Infinity":10,"s:79:14:79:Infinity":11,"b:80:8:82:Infinity:undefined:undefined:undefined:undefined":0,"s:80:8:82:Infinity":12,"s:81:10:81:Infinity":13,"s:84:8:84:Infinity":14,"s:86:8:86:Infinity":15,"s:87:8:87:Infinity":16,"s:91:4:91:Infinity":17,"s:98:8:101:Infinity":18,"f:98:29:98:35":3,"b:99:4:99:Infinity:undefined:undefined:undefined:undefined":1,"s:99:4:99:Infinity":19,"s:99:28:99:Infinity":20,"s:100:4:100:Infinity":21,"s:103:8:122:Infinity":22,"f:103:30:103:36":4,"b:104:4:107:Infinity:undefined:undefined:undefined:undefined":2,"s:104:4:107:Infinity":23,"b:104:8:104:23:104:23:104:43":3,"s:105:6:105:Infinity":24,"s:106:6:106:Infinity":25,"s:109:28:109:Infinity":26,"s:110:10:115:Infinity":27,"s:116:4:120:Infinity":28,"s:121:4:121:Infinity":29,"s:128:8:135:Infinity":30,"f:128:38:128:44":5,"b:129:4:129:Infinity:undefined:undefined:undefined:undefined":4,"s:129:4:129:Infinity":31,"s:129:29:129:Infinity":32,"s:131:18:131:Infinity":33,"s:132:4:134:Infinity":34,"f:132:30:132:31":6,"s:133:6:133:Infinity":35,"s:141:24:159:Infinity":36,"f:141:24:141:25":7,"s:142:4:158:Infinity":37,"f:142:12:142:13":8,"s:143:22:143:Infinity":38,"s:144:24:144:Infinity":39,"b:147:6:149:Infinity:undefined:undefined:undefined:undefined":5,"s:147:6:149:Infinity":40,"s:148:8:148:Infinity":41,"s:151:6:151:Infinity":42,"s:152:6:152:Infinity":43,"s:155:6:155:Infinity":44,"s:157:6:157:Infinity":45,"s:161:29:176:Infinity":46,"f:161:29:161:Infinity":9,"s:166:4:175:Infinity":47,"f:166:12:166:13":10,"s:167:22:167:Infinity":48,"s:168:24:168:Infinity":49,"f:168:60:168:61":11,"s:168:68:168:81":50,"s:169:6:169:Infinity":51,"s:172:6:172:Infinity":52,"s:174:6:174:Infinity":53,"s:178:28:181:Infinity":54,"f:178:28:178:29":12,"s:179:4:179:Infinity":55,"s:180:4:180:Infinity":56,"s:183:26:186:Infinity":57,"f:183:26:183:32":13,"s:184:4:184:Infinity":58,"s:185:4:185:Infinity":59,"s:192:23:201:Infinity":60,"f:192:23:192:29":14,"s:193:17:193:Infinity":61,"b:194:4:194:Infinity:undefined:undefined:undefined:undefined":6,"s:194:4:194:Infinity":62,"s:194:15:194:Infinity":63,"s:197:30:197:Infinity":64,"s:199:4:199:Infinity":65,"s:200:4:200:Infinity":66,"s:203:27:223:Infinity":67,"f:203:27:203:33":15,"s:204:10:204:Infinity":68,"b:206:4:209:Infinity:undefined:undefined:undefined:undefined":7,"s:206:4:209:Infinity":69,"s:207:6:207:Infinity":70,"s:208:6:208:Infinity":71,"s:211:26:211:Infinity":72,"f:211:38:211:39":16,"s:211:45:211:51":73,"s:212:17:212:Infinity":74,"b:214:4:214:Infinity:undefined:undefined:undefined:undefined":8,"s:214:4:214:Infinity":75,"s:214:15:214:Infinity":76,"s:216:10:216:Infinity":77,"b:217:4:222:Infinity:220:11:222:Infinity":9,"s:217:4:222:Infinity":78,"s:218:6:218:Infinity":79,"s:219:6:219:Infinity":80,"s:221:6:221:Infinity":81,"s:229:31:236:Infinity":82,"f:229:31:229:37":17,"s:230:4:235:Infinity":83,"s:231:6:231:Infinity":84,"s:232:6:232:Infinity":85,"s:234:6:234:Infinity":86,"s:238:28:245:Infinity":87,"f:238:28:238:40":18,"s:239:4:244:Infinity":88,"s:240:6:240:Infinity":89,"s:242:6:242:Infinity":90,"s:243:6:243:Infinity":91,"s:251:22:253:Infinity":92,"f:251:22:251:23":19,"s:252:4:252:Infinity":93,"f:252:22:252:23":20,"s:252:29:252:40":94,"b:259:2:265:Infinity:undefined:undefined:undefined:undefined":10,"s:259:2:265:Infinity":95,"s:260:4:263:Infinity":96,"s:267:2:345:Infinity":97,"b:302:9:302:Infinity:303:10:342:Infinity":11,"f:318:26:318:27":21,"s:318:33:318:Infinity":98,"b:324:15:324:Infinity:325:16:325:Infinity":12,"f:328:52:328:53":22,"s:329:16:339:Infinity":99,"f:332:25:332:Infinity":23,"s:333:20:337:Infinity":100,"f:353:9:353:20":24,"s:366:28:374:Infinity":101,"s:376:32:376:Infinity":102,"s:378:22:380:Infinity":103,"f:378:22:378:23":25,"s:379:4:379:Infinity":104,"f:379:22:379:23":26,"s:379:29:379:40":105,"s:382:2:439:Infinity":106,"f:387:20:387:21":27,"s:388:12:388:Infinity":107,"f:393:23:393:24":28,"s:394:10:436:Infinity":108,"f:396:22:396:23":29,"s:398:16:398:Infinity":109,"b:398:16:398:43:398:43:398:Infinity":13,"s:399:30:399:Infinity":110,"s:401:14:433:Infinity":111,"b:405:53:405:64:405:64:405:66":14,"b:406:41:406:52:406:52:406:Infinity":15,"f:408:27:408:33":30,"s:408:33:408:Infinity":112,"b:411:20:411:Infinity:413:20:431:Infinity":16,"f:414:35:414:36":31,"s:415:37:415:Infinity":113,"s:416:24:428:Infinity":114,"b:418:35:418:49:418:49:418:59":17,"f:420:39:420:40":32,"s:421:32:421:Infinity":115,"s:422:32:422:Infinity":116,"f:443:9:443:24":33,"s:450:27:459:Infinity":117,"f:450:27:450:33":34,"b:452:6:453:Infinity:454:6:455:Infinity:456:6:457:Infinity":18,"s:451:4:458:Infinity":118,"s:453:8:453:Infinity":119,"s:455:8:455:Infinity":120,"s:457:8:457:Infinity":121,"s:461:2:484:Infinity":122,"b:466:9:466:Infinity:467:10:467:Infinity":19,"b:471:7:471:Infinity:472:8:478:Infinity":20,"f:473:48:473:49":35,"s:474:12:476:Infinity":123}}}
,"/Users/dragan/Documents/how-not-to-diet/src/utils/backupExport.ts": {"path":"/Users/dragan/Documents/how-not-to-diet/src/utils/backupExport.ts","statementMap":{"0":{"start":{"line":20,"column":8},"end":{"line":20,"column":null}},"1":{"start":{"line":22,"column":21},"end":{"line":25,"column":null}},"2":{"start":{"line":27,"column":15},"end":{"line":27,"column":null}},"3":{"start":{"line":28,"column":2},"end":{"line":28,"column":null}},"4":{"start":{"line":37,"column":14},"end":{"line":37,"column":null}},"5":{"start":{"line":38,"column":15},"end":{"line":38,"column":null}},"6":{"start":{"line":39,"column":16},"end":{"line":39,"column":null}},"7":{"start":{"line":40,"column":14},"end":{"line":40,"column":null}},"8":{"start":{"line":42,"column":2},"end":{"line":42,"column":null}},"9":{"start":{"line":51,"column":2},"end":{"line":74,"column":null}},"10":{"start":{"line":52,"column":17},"end":{"line":52,"column":null}},"11":{"start":{"line":53,"column":16},"end":{"line":53,"column":null}},"12":{"start":{"line":54,"column":21},"end":{"line":54,"column":null}},"13":{"start":{"line":57,"column":17},"end":{"line":57,"column":null}},"14":{"start":{"line":58,"column":4},"end":{"line":58,"column":null}},"15":{"start":{"line":59,"column":4},"end":{"line":59,"column":null}},"16":{"start":{"line":60,"column":4},"end":{"line":60,"column":null}},"17":{"start":{"line":63,"column":4},"end":{"line":63,"column":null}},"18":{"start":{"line":64,"column":4},"end":{"line":64,"column":null}},"19":{"start":{"line":67,"column":4},"end":{"line":67,"column":null}},"20":{"start":{"line":68,"column":4},"end":{"line":68,"column":null}},"21":{"start":{"line":70,"column":4},"end":{"line":70,"column":null}},"22":{"start":{"line":72,"column":4},"end":{"line":72,"column":null}},"23":{"start":{"line":73,"column":4},"end":{"line":73,"column":null}},"24":{"start":{"line":83,"column":8},"end":{"line":83,"column":null}},"25":{"start":{"line":85,"column":21},"end":{"line":88,"column":null}},"26":{"start":{"line":90,"column":2},"end":{"line":90,"column":null}},"27":{"start":{"line":100,"column":2},"end":{"line":121,"column":null}},"28":{"start":{"line":101,"column":17},"end":{"line":101,"column":null}},"29":{"start":{"line":104,"column":4},"end":{"line":106,"column":null}},"30":{"start":{"line":105,"column":6},"end":{"line":105,"column":null}},"31":{"start":{"line":109,"column":4},"end":{"line":111,"column":null}},"32":{"start":{"line":110,"column":6},"end":{"line":110,"column":null}},"33":{"start":{"line":114,"column":4},"end":{"line":116,"column":null}},"34":{"start":{"line":115,"column":6},"end":{"line":115,"column":null}},"35":{"start":{"line":118,"column":4},"end":{"line":118,"column":null}},"36":{"start":{"line":120,"column":4},"end":{"line":120,"column":null}}},"fnMap":{"0":{"name":"exportAllMenusToBlob","decl":{"start":{"line":19,"column":16},"end":{"line":19,"column":45}},"loc":{"start":{"line":19,"column":45},"end":{"line":29,"column":null}},"line":19},"1":{"name":"generateBackupFilename","decl":{"start":{"line":36,"column":16},"end":{"line":36,"column":49}},"loc":{"start":{"line":36,"column":49},"end":{"line":43,"column":null}},"line":36},"2":{"name":"downloadBackup","decl":{"start":{"line":50,"column":16},"end":{"line":50,"column":39}},"loc":{"start":{"line":50,"column":39},"end":{"line":75,"column":null}},"line":50},"3":{"name":"getBackupJSON","decl":{"start":{"line":82,"column":16},"end":{"line":82,"column":40}},"loc":{"start":{"line":82,"column":40},"end":{"line":91,"column":null}},"line":82},"4":{"name":"validateBackupJSON","decl":{"start":{"line":99,"column":16},"end":{"line":99,"column":35}},"loc":{"start":{"line":99,"column":58},"end":{"line":122,"column":null}},"line":99}},"branchMap":{"0":{"loc":{"start":{"line":104,"column":4},"end":{"line":106,"column":null}},"type":"if","locations":[{"start":{"line":104,"column":4},"end":{"line":106,"column":null}},{"start":{},"end":{}}],"line":104},"1":{"loc":{"start":{"line":104,"column":8},"end":{"line":104,"column":43}},"type":"binary-expr","locations":[{"start":{"line":104,"column":8},"end":{"line":104,"column":28}},{"start":{"line":104,"column":28},"end":{"line":104,"column":43}}],"line":104},"2":{"loc":{"start":{"line":109,"column":4},"end":{"line":111,"column":null}},"type":"if","locations":[{"start":{"line":109,"column":4},"end":{"line":111,"column":null}},{"start":{},"end":{}}],"line":109},"3":{"loc":{"start":{"line":114,"column":4},"end":{"line":116,"column":null}},"type":"if","locations":[{"start":{"line":114,"column":4},"end":{"line":116,"column":null}},{"start":{},"end":{}}],"line":114},"4":{"loc":{"start":{"line":114,"column":8},"end":{"line":114,"column":67}},"type":"binary-expr","locations":[{"start":{"line":114,"column":8},"end":{"line":114,"column":33}},{"start":{"line":114,"column":33},"end":{"line":114,"column":67}}],"line":114}},"s":{"0":1,"1":1,"2":1,"3":1,"4":1,"5":1,"6":1,"7":1,"8":1,"9":1,"10":1,"11":1,"12":1,"13":1,"14":1,"15":1,"16":1,"17":1,"18":1,"19":1,"20":1,"21":1,"22":0,"23":0,"24":0,"25":0,"26":0,"27":0,"28":0,"29":0,"30":0,"31":0,"32":0,"33":0,"34":0,"35":0,"36":0},"f":{"0":1,"1":1,"2":1,"3":0,"4":0},"b":{"0":[0,0],"1":[0,0],"2":[0,0],"3":[0,0],"4":[0,0]},"meta":{"lastBranch":5,"lastFunction":5,"lastStatement":37,"seen":{"f:19:16:19:45":0,"s:20:8:20:Infinity":0,"s:22:21:25:Infinity":1,"s:27:15:27:Infinity":2,"s:28:2:28:Infinity":3,"f:36:16:36:49":1,"s:37:14:37:Infinity":4,"s:38:15:38:Infinity":5,"s:39:16:39:Infinity":6,"s:40:14:40:Infinity":7,"s:42:2:42:Infinity":8,"f:50:16:50:39":2,"s:51:2:74:Infinity":9,"s:52:17:52:Infinity":10,"s:53:16:53:Infinity":11,"s:54:21:54:Infinity":12,"s:57:17:57:Infinity":13,"s:58:4:58:Infinity":14,"s:59:4:59:Infinity":15,"s:60:4:60:Infinity":16,"s:63:4:63:Infinity":17,"s:64:4:64:Infinity":18,"s:67:4:67:Infinity":19,"s:68:4:68:Infinity":20,"s:70:4:70:Infinity":21,"s:72:4:72:Infinity":22,"s:73:4:73:Infinity":23,"f:82:16:82:40":3,"s:83:8:83:Infinity":24,"s:85:21:88:Infinity":25,"s:90:2:90:Infinity":26,"f:99:16:99:35":4,"s:100:2:121:Infinity":27,"s:101:17:101:Infinity":28,"b:104:4:106:Infinity:undefined:undefined:undefined:undefined":0,"s:104:4:106:Infinity":29,"b:104:8:104:28:104:28:104:43":1,"s:105:6:105:Infinity":30,"b:109:4:111:Infinity:undefined:undefined:undefined:undefined":2,"s:109:4:111:Infinity":31,"s:110:6:110:Infinity":32,"b:114:4:116:Infinity:undefined:undefined:undefined:undefined":3,"s:114:4:116:Infinity":33,"b:114:8:114:33:114:33:114:67":4,"s:115:6:115:Infinity":34,"s:118:4:118:Infinity":35,"s:120:4:120:Infinity":36}}}
,"/Users/dragan/Documents/how-not-to-diet/src/utils/emailExport.ts": {"path":"/Users/dragan/Documents/how-not-to-diet/src/utils/emailExport.ts","statementMap":{"0":{"start":{"line":35,"column":18},"end":{"line":35,"column":null}},"1":{"start":{"line":36,"column":2},"end":{"line":38,"column":null}},"2":{"start":{"line":37,"column":4},"end":{"line":37,"column":null}},"3":{"start":{"line":41,"column":21},"end":{"line":41,"column":null}},"4":{"start":{"line":44,"column":15},"end":{"line":44,"column":null}},"5":{"start":{"line":46,"column":2},"end":{"line":56,"column":null}},"6":{"start":{"line":47,"column":21},"end":{"line":47,"column":null}},"7":{"start":{"line":49,"column":4},"end":{"line":55,"column":null}},"8":{"start":{"line":50,"column":22},"end":{"line":50,"column":null}},"9":{"start":{"line":52,"column":6},"end":{"line":54,"column":null}},"10":{"start":{"line":53,"column":8},"end":{"line":53,"column":null}},"11":{"start":{"line":59,"column":38},"end":{"line":59,"column":null}},"12":{"start":{"line":61,"column":2},"end":{"line":76,"column":null}},"13":{"start":{"line":62,"column":17},"end":{"line":62,"column":null}},"14":{"start":{"line":63,"column":4},"end":{"line":63,"column":null}},"15":{"start":{"line":63,"column":15},"end":{"line":63,"column":null}},"16":{"start":{"line":66,"column":21},"end":{"line":66,"column":null}},"17":{"start":{"line":68,"column":4},"end":{"line":70,"column":null}},"18":{"start":{"line":69,"column":6},"end":{"line":69,"column":null}},"19":{"start":{"line":72,"column":4},"end":{"line":75,"column":null}},"20":{"start":{"line":79,"column":2},"end":{"line":81,"column":null}},"21":{"start":{"line":80,"column":4},"end":{"line":80,"column":null}},"22":{"start":{"line":80,"column":37},"end":{"line":80,"column":65}},"23":{"start":{"line":83,"column":2},"end":{"line":83,"column":null}},"24":{"start":{"line":91,"column":27},"end":{"line":102,"column":null}},"25":{"start":{"line":104,"column":2},"end":{"line":108,"column":null}},"26":{"start":{"line":105,"column":4},"end":{"line":107,"column":null}},"27":{"start":{"line":106,"column":6},"end":{"line":106,"column":null}},"28":{"start":{"line":111,"column":2},"end":{"line":113,"column":null}},"29":{"start":{"line":120,"column":48},"end":{"line":131,"column":null}},"30":{"start":{"line":133,"column":2},"end":{"line":133,"column":null}},"31":{"start":{"line":147,"column":13},"end":{"line":147,"column":null}},"32":{"start":{"line":150,"column":19},"end":{"line":150,"column":null}},"33":{"start":{"line":151,"column":18},"end":{"line":154,"column":null}},"34":{"start":{"line":156,"column":2},"end":{"line":156,"column":null}},"35":{"start":{"line":157,"column":2},"end":{"line":157,"column":null}},"36":{"start":{"line":160,"column":21},"end":{"line":160,"column":null}},"37":{"start":{"line":162,"column":2},"end":{"line":171,"column":null}},"38":{"start":{"line":163,"column":4},"end":{"line":163,"column":null}},"39":{"start":{"line":165,"column":4},"end":{"line":168,"column":null}},"40":{"start":{"line":166,"column":23},"end":{"line":166,"column":null}},"41":{"start":{"line":167,"column":6},"end":{"line":167,"column":null}},"42":{"start":{"line":170,"column":4},"end":{"line":170,"column":null}},"43":{"start":{"line":174,"column":2},"end":{"line":174,"column":null}},"44":{"start":{"line":176,"column":15},"end":{"line":184,"column":null}},"45":{"start":{"line":186,"column":2},"end":{"line":202,"column":null}},"46":{"start":{"line":187,"column":21},"end":{"line":187,"column":null}},"47":{"start":{"line":188,"column":4},"end":{"line":188,"column":null}},"48":{"start":{"line":191,"column":4},"end":{"line":193,"column":null}},"49":{"start":{"line":192,"column":6},"end":{"line":192,"column":null}},"50":{"start":{"line":194,"column":4},"end":{"line":196,"column":null}},"51":{"start":{"line":195,"column":6},"end":{"line":195,"column":null}},"52":{"start":{"line":197,"column":4},"end":{"line":199,"column":null}},"53":{"start":{"line":198,"column":6},"end":{"line":198,"column":null}},"54":{"start":{"line":201,"column":4},"end":{"line":201,"column":null}},"55":{"start":{"line":204,"column":2},"end":{"line":204,"column":null}},"56":{"start":{"line":216,"column":23},"end":{"line":216,"column":null}},"57":{"start":{"line":217,"column":15},"end":{"line":217,"column":null}},"58":{"start":{"line":219,"column":19},"end":{"line":219,"column":null}},"59":{"start":{"line":220,"column":18},"end":{"line":223,"column":null}},"60":{"start":{"line":225,"column":18},"end":{"line":225,"column":null}},"61":{"start":{"line":228,"column":20},"end":{"line":228,"column":null}},"62":{"start":{"line":231,"column":2},"end":{"line":231,"column":null}},"63":{"start":{"line":233,"column":2},"end":{"line":233,"column":null}},"64":{"start":{"line":245,"column":23},"end":{"line":245,"column":null}},"65":{"start":{"line":246,"column":15},"end":{"line":246,"column":null}},"66":{"start":{"line":248,"column":19},"end":{"line":248,"column":null}},"67":{"start":{"line":249,"column":18},"end":{"line":252,"column":null}},"68":{"start":{"line":254,"column":16},"end":{"line":254,"column":null}},"69":{"start":{"line":257,"column":2},"end":{"line":270,"column":null}},"70":{"start":{"line":258,"column":4},"end":{"line":269,"column":null}},"71":{"start":{"line":259,"column":6},"end":{"line":262,"column":null}},"72":{"start":{"line":264,"column":6},"end":{"line":264,"column":null}},"73":{"start":{"line":265,"column":6},"end":{"line":265,"column":null}},"74":{"start":{"line":268,"column":6},"end":{"line":268,"column":null}},"75":{"start":{"line":273,"column":2},"end":{"line":273,"column":null}}},"fnMap":{"0":{"name":"generateShoppingList","decl":{"start":{"line":30,"column":16},"end":{"line":30,"column":null}},"loc":{"start":{"line":33,"column":22},"end":{"line":84,"column":null}},"line":33},"1":{"name":"(anonymous_1)","decl":{"start":{"line":80,"column":27},"end":{"line":80,"column":28}},"loc":{"start":{"line":80,"column":37},"end":{"line":80,"column":65}},"line":80},"2":{"name":"getPrimaryCategoryForGrouping","decl":{"start":{"line":89,"column":9},"end":{"line":89,"column":39}},"loc":{"start":{"line":89,"column":59},"end":{"line":114,"column":null}},"line":89},"3":{"name":"formatCategoryName","decl":{"start":{"line":119,"column":9},"end":{"line":119,"column":28}},"loc":{"start":{"line":119,"column":54},"end":{"line":134,"column":null}},"line":119},"4":{"name":"formatEmailBody","decl":{"start":{"line":143,"column":16},"end":{"line":143,"column":null}},"loc":{"start":{"line":146,"column":10},"end":{"line":205,"column":null}},"line":146},"5":{"name":"openEmailClient","decl":{"start":{"line":212,"column":16},"end":{"line":212,"column":null}},"loc":{"start":{"line":215,"column":8},"end":{"line":234,"column":null}},"line":215},"6":{"name":"shareMenu","decl":{"start":{"line":241,"column":22},"end":{"line":241,"column":null}},"loc":{"start":{"line":244,"column":17},"end":{"line":274,"column":null}},"line":244}},"branchMap":{"0":{"loc":{"start":{"line":53,"column":32},"end":{"line":53,"column":63}},"type":"binary-expr","locations":[{"start":{"line":53,"column":32},"end":{"line":53,"column":58}},{"start":{"line":53,"column":58},"end":{"line":53,"column":63}}],"line":53},"1":{"loc":{"start":{"line":63,"column":4},"end":{"line":63,"column":null}},"type":"if","locations":[{"start":{"line":63,"column":4},"end":{"line":63,"column":null}},{"start":{},"end":{}}],"line":63},"2":{"loc":{"start":{"line":68,"column":4},"end":{"line":70,"column":null}},"type":"if","locations":[{"start":{"line":68,"column":4},"end":{"line":70,"column":null}},{"start":{},"end":{}}],"line":68},"3":{"loc":{"start":{"line":105,"column":4},"end":{"line":107,"column":null}},"type":"if","locations":[{"start":{"line":105,"column":4},"end":{"line":107,"column":null}},{"start":{},"end":{}}],"line":105},"4":{"loc":{"start":{"line":111,"column":9},"end":{"line":113,"column":null}},"type":"cond-expr","locations":[{"start":{"line":112,"column":6},"end":{"line":112,"column":null}},{"start":{"line":113,"column":6},"end":{"line":113,"column":null}}],"line":111},"5":{"loc":{"start":{"line":133,"column":9},"end":{"line":133,"column":null}},"type":"binary-expr","locations":[{"start":{"line":133,"column":9},"end":{"line":133,"column":36}},{"start":{"line":133,"column":36},"end":{"line":133,"column":null}}],"line":133},"6":{"loc":{"start":{"line":166,"column":23},"end":{"line":166,"column":null}},"type":"cond-expr","locations":[{"start":{"line":166,"column":40},"end":{"line":166,"column":62}},{"start":{"line":166,"column":62},"end":{"line":166,"column":null}}],"line":166},"7":{"loc":{"start":{"line":191,"column":4},"end":{"line":193,"column":null}},"type":"if","locations":[{"start":{"line":191,"column":4},"end":{"line":193,"column":null}},{"start":{},"end":{}}],"line":191},"8":{"loc":{"start":{"line":194,"column":4},"end":{"line":196,"column":null}},"type":"if","locations":[{"start":{"line":194,"column":4},"end":{"line":196,"column":null}},{"start":{},"end":{}}],"line":194},"9":{"loc":{"start":{"line":197,"column":4},"end":{"line":199,"column":null}},"type":"if","locations":[{"start":{"line":197,"column":4},"end":{"line":199,"column":null}},{"start":{},"end":{}}],"line":197},"10":{"loc":{"start":{"line":257,"column":2},"end":{"line":270,"column":null}},"type":"if","locations":[{"start":{"line":257,"column":2},"end":{"line":270,"column":null}},{"start":{},"end":{}}],"line":257}},"s":{"0":1,"1":1,"2":3,"3":1,"4":1,"5":1,"6":7,"7":7,"8":21,"9":21,"10":0,"11":1,"12":1,"13":0,"14":0,"15":0,"16":0,"17":0,"18":0,"19":0,"20":1,"21":0,"22":0,"23":1,"24":0,"25":0,"26":0,"27":0,"28":0,"29":0,"30":0,"31":1,"32":1,"33":1,"34":1,"35":1,"36":1,"37":1,"38":0,"39":0,"40":0,"41":0,"42":0,"43":1,"44":1,"45":1,"46":7,"47":7,"48":7,"49":0,"50":7,"51":0,"52":7,"53":0,"54":7,"55":1,"56":0,"57":0,"58":0,"59":0,"60":0,"61":0,"62":0,"63":0,"64":1,"65":1,"66":1,"67":1,"68":1,"69":1,"70":1,"71":1,"72":1,"73":1,"74":0,"75":0},"f":{"0":1,"1":0,"2":0,"3":0,"4":1,"5":0,"6":1},"b":{"0":[0,0],"1":[0,0],"2":[0,0],"3":[0,0],"4":[0,0],"5":[0,0],"6":[0,0],"7":[0,7],"8":[0,7],"9":[0,7],"10":[1,0]},"meta":{"lastBranch":11,"lastFunction":7,"lastStatement":76,"seen":{"f:30:16:30:Infinity":0,"s:35:18:35:Infinity":0,"s:36:2:38:Infinity":1,"s:37:4:37:Infinity":2,"s:41:21:41:Infinity":3,"s:44:15:44:Infinity":4,"s:46:2:56:Infinity":5,"s:47:21:47:Infinity":6,"s:49:4:55:Infinity":7,"s:50:22:50:Infinity":8,"s:52:6:54:Infinity":9,"s:53:8:53:Infinity":10,"b:53:32:53:58:53:58:53:63":0,"s:59:38:59:Infinity":11,"s:61:2:76:Infinity":12,"s:62:17:62:Infinity":13,"b:63:4:63:Infinity:undefined:undefined:undefined:undefined":1,"s:63:4:63:Infinity":14,"s:63:15:63:Infinity":15,"s:66:21:66:Infinity":16,"b:68:4:70:Infinity:undefined:undefined:undefined:undefined":2,"s:68:4:70:Infinity":17,"s:69:6:69:Infinity":18,"s:72:4:75:Infinity":19,"s:79:2:81:Infinity":20,"s:80:4:80:Infinity":21,"f:80:27:80:28":1,"s:80:37:80:65":22,"s:83:2:83:Infinity":23,"f:89:9:89:39":2,"s:91:27:102:Infinity":24,"s:104:2:108:Infinity":25,"b:105:4:107:Infinity:undefined:undefined:undefined:undefined":3,"s:105:4:107:Infinity":26,"s:106:6:106:Infinity":27,"s:111:2:113:Infinity":28,"b:112:6:112:Infinity:113:6:113:Infinity":4,"f:119:9:119:28":3,"s:120:48:131:Infinity":29,"s:133:2:133:Infinity":30,"b:133:9:133:36:133:36:133:Infinity":5,"f:143:16:143:Infinity":4,"s:147:13:147:Infinity":31,"s:150:19:150:Infinity":32,"s:151:18:154:Infinity":33,"s:156:2:156:Infinity":34,"s:157:2:157:Infinity":35,"s:160:21:160:Infinity":36,"s:162:2:171:Infinity":37,"s:163:4:163:Infinity":38,"s:165:4:168:Infinity":39,"s:166:23:166:Infinity":40,"b:166:40:166:62:166:62:166:Infinity":6,"s:167:6:167:Infinity":41,"s:170:4:170:Infinity":42,"s:174:2:174:Infinity":43,"s:176:15:184:Infinity":44,"s:186:2:202:Infinity":45,"s:187:21:187:Infinity":46,"s:188:4:188:Infinity":47,"b:191:4:193:Infinity:undefined:undefined:undefined:undefined":7,"s:191:4:193:Infinity":48,"s:192:6:192:Infinity":49,"b:194:4:196:Infinity:undefined:undefined:undefined:undefined":8,"s:194:4:196:Infinity":50,"s:195:6:195:Infinity":51,"b:197:4:199:Infinity:undefined:undefined:undefined:undefined":9,"s:197:4:199:Infinity":52,"s:198:6:198:Infinity":53,"s:201:4:201:Infinity":54,"s:204:2:204:Infinity":55,"f:212:16:212:Infinity":5,"s:216:23:216:Infinity":56,"s:217:15:217:Infinity":57,"s:219:19:219:Infinity":58,"s:220:18:223:Infinity":59,"s:225:18:225:Infinity":60,"s:228:20:228:Infinity":61,"s:231:2:231:Infinity":62,"s:233:2:233:Infinity":63,"f:241:22:241:Infinity":6,"s:245:23:245:Infinity":64,"s:246:15:246:Infinity":65,"s:248:19:248:Infinity":66,"s:249:18:252:Infinity":67,"s:254:16:254:Infinity":68,"b:257:2:270:Infinity:undefined:undefined:undefined:undefined":10,"s:257:2:270:Infinity":69,"s:258:4:269:Infinity":70,"s:259:6:262:Infinity":71,"s:264:6:264:Infinity":72,"s:265:6:265:Infinity":73,"s:268:6:268:Infinity":74,"s:273:2:273:Infinity":75}}}
,"/Users/dragan/Documents/how-not-to-diet/src/utils/menuStorage.ts": {"path":"/Users/dragan/Documents/how-not-to-diet/src/utils/menuStorage.ts","statementMap":{"0":{"start":{"line":47,"column":28},"end":{"line":47,"column":null}},"1":{"start":{"line":48,"column":28},"end":{"line":48,"column":null}},"2":{"start":{"line":49,"column":30},"end":{"line":49,"column":null}},"3":{"start":{"line":55,"column":45},"end":{"line":55,"column":null}},"4":{"start":{"line":65,"column":24},"end":{"line":65,"column":null}},"5":{"start":{"line":67,"column":36},"end":{"line":71,"column":null}},"6":{"start":{"line":73,"column":2},"end":{"line":85,"column":null}},"7":{"start":{"line":95,"column":2},"end":{"line":97,"column":null}},"8":{"start":{"line":96,"column":4},"end":{"line":96,"column":null}},"9":{"start":{"line":100,"column":2},"end":{"line":113,"column":null}},"10":{"start":{"line":101,"column":4},"end":{"line":112,"column":null}},"11":{"start":{"line":102,"column":26},"end":{"line":105,"column":null}},"12":{"start":{"line":107,"column":6},"end":{"line":107,"column":null}},"13":{"start":{"line":108,"column":6},"end":{"line":108,"column":null}},"14":{"start":{"line":110,"column":6},"end":{"line":110,"column":null}},"15":{"start":{"line":111,"column":6},"end":{"line":111,"column":null}},"16":{"start":{"line":122,"column":2},"end":{"line":136,"column":null}},"17":{"start":{"line":123,"column":19},"end":{"line":123,"column":null}},"18":{"start":{"line":125,"column":4},"end":{"line":128,"column":null}},"19":{"start":{"line":126,"column":6},"end":{"line":126,"column":null}},"20":{"start":{"line":127,"column":6},"end":{"line":127,"column":null}},"21":{"start":{"line":130,"column":17},"end":{"line":130,"column":null}},"22":{"start":{"line":131,"column":4},"end":{"line":131,"column":null}},"23":{"start":{"line":132,"column":4},"end":{"line":132,"column":null}},"24":{"start":{"line":134,"column":4},"end":{"line":134,"column":null}},"25":{"start":{"line":135,"column":4},"end":{"line":135,"column":null}},"26":{"start":{"line":151,"column":2},"end":{"line":172,"column":null}},"27":{"start":{"line":152,"column":35},"end":{"line":157,"column":null}},"28":{"start":{"line":160,"column":20},"end":{"line":160,"column":null}},"29":{"start":{"line":163,"column":4},"end":{"line":163,"column":null}},"30":{"start":{"line":166,"column":4},"end":{"line":166,"column":null}},"31":{"start":{"line":168,"column":4},"end":{"line":168,"column":null}},"32":{"start":{"line":170,"column":4},"end":{"line":170,"column":null}},"33":{"start":{"line":171,"column":4},"end":{"line":171,"column":null}},"34":{"start":{"line":182,"column":2},"end":{"line":206,"column":null}},"35":{"start":{"line":183,"column":20},"end":{"line":183,"column":null}},"36":{"start":{"line":184,"column":21},"end":{"line":184,"column":null}},"37":{"start":{"line":184,"column":39},"end":{"line":184,"column":54}},"38":{"start":{"line":186,"column":4},"end":{"line":189,"column":null}},"39":{"start":{"line":187,"column":6},"end":{"line":187,"column":null}},"40":{"start":{"line":188,"column":6},"end":{"line":188,"column":null}},"41":{"start":{"line":192,"column":29},"end":{"line":196,"column":null}},"42":{"start":{"line":199,"column":4},"end":{"line":199,"column":null}},"43":{"start":{"line":201,"column":4},"end":{"line":201,"column":null}},"44":{"start":{"line":202,"column":4},"end":{"line":202,"column":null}},"45":{"start":{"line":204,"column":4},"end":{"line":204,"column":null}},"46":{"start":{"line":205,"column":4},"end":{"line":205,"column":null}},"47":{"start":{"line":213,"column":2},"end":{"line":224,"column":null}},"48":{"start":{"line":214,"column":19},"end":{"line":214,"column":null}},"49":{"start":{"line":216,"column":4},"end":{"line":218,"column":null}},"50":{"start":{"line":217,"column":6},"end":{"line":217,"column":null}},"51":{"start":{"line":220,"column":4},"end":{"line":220,"column":null}},"52":{"start":{"line":222,"column":4},"end":{"line":222,"column":null}},"53":{"start":{"line":223,"column":4},"end":{"line":223,"column":null}},"54":{"start":{"line":231,"column":2},"end":{"line":236,"column":null}},"55":{"start":{"line":232,"column":4},"end":{"line":232,"column":null}},"56":{"start":{"line":233,"column":4},"end":{"line":233,"column":null}},"57":{"start":{"line":235,"column":4},"end":{"line":235,"column":null}},"58":{"start":{"line":243,"column":2},"end":{"line":246,"column":null}},"59":{"start":{"line":256,"column":2},"end":{"line":280,"column":null}},"60":{"start":{"line":257,"column":17},"end":{"line":257,"column":null}},"61":{"start":{"line":260,"column":4},"end":{"line":262,"column":null}},"62":{"start":{"line":261,"column":6},"end":{"line":261,"column":null}},"63":{"start":{"line":265,"column":4},"end":{"line":268,"column":null}},"64":{"start":{"line":266,"column":6},"end":{"line":266,"column":null}},"65":{"start":{"line":267,"column":6},"end":{"line":267,"column":null}},"66":{"start":{"line":271,"column":4},"end":{"line":274,"column":null}},"67":{"start":{"line":272,"column":6},"end":{"line":272,"column":null}},"68":{"start":{"line":273,"column":6},"end":{"line":273,"column":null}},"69":{"start":{"line":276,"column":4},"end":{"line":276,"column":null}},"70":{"start":{"line":278,"column":4},"end":{"line":278,"column":null}},"71":{"start":{"line":279,"column":4},"end":{"line":279,"column":null}},"72":{"start":{"line":291,"column":14},"end":{"line":291,"column":null}},"73":{"start":{"line":292,"column":15},"end":{"line":292,"column":null}},"74":{"start":{"line":293,"column":2},"end":{"line":293,"column":null}},"75":{"start":{"line":300,"column":2},"end":{"line":305,"column":null}},"76":{"start":{"line":301,"column":4},"end":{"line":301,"column":null}},"77":{"start":{"line":302,"column":4},"end":{"line":302,"column":null}},"78":{"start":{"line":303,"column":4},"end":{"line":303,"column":null}},"79":{"start":{"line":304,"column":4},"end":{"line":304,"column":null}},"80":{"start":{"line":320,"column":2},"end":{"line":335,"column":null}},"81":{"start":{"line":321,"column":24},"end":{"line":321,"column":null}},"82":{"start":{"line":322,"column":24},"end":{"line":322,"column":null}},"83":{"start":{"line":324,"column":24},"end":{"line":324,"column":null}},"84":{"start":{"line":325,"column":24},"end":{"line":325,"column":null}},"85":{"start":{"line":327,"column":4},"end":{"line":331,"column":null}},"86":{"start":{"line":333,"column":4},"end":{"line":333,"column":null}},"87":{"start":{"line":334,"column":4},"end":{"line":334,"column":null}},"88":{"start":{"line":342,"column":2},"end":{"line":348,"column":null}},"89":{"start":{"line":343,"column":4},"end":{"line":343,"column":null}},"90":{"start":{"line":344,"column":2},"end":{"line":348,"column":null}},"91":{"start":{"line":345,"column":4},"end":{"line":345,"column":null}},"92":{"start":{"line":347,"column":4},"end":{"line":347,"column":null}}},"fnMap":{"0":{"name":"createEmptyMenu","decl":{"start":{"line":64,"column":16},"end":{"line":64,"column":32}},"loc":{"start":{"line":64,"column":61},"end":{"line":86,"column":null}},"line":64},"1":{"name":"autoSaveMenu","decl":{"start":{"line":93,"column":16},"end":{"line":93,"column":29}},"loc":{"start":{"line":93,"column":53},"end":{"line":114,"column":null}},"line":93},"2":{"name":"(anonymous_2)","decl":{"start":{"line":100,"column":31},"end":{"line":100,"column":37}},"loc":{"start":{"line":100,"column":37},"end":{"line":113,"column":5}},"line":100},"3":{"name":"restoreMenu","decl":{"start":{"line":121,"column":16},"end":{"line":121,"column":49}},"loc":{"start":{"line":121,"column":49},"end":{"line":137,"column":null}},"line":121},"4":{"name":"snapshotMenu","decl":{"start":{"line":146,"column":16},"end":{"line":146,"column":null}},"loc":{"start":{"line":150,"column":8},"end":{"line":173,"column":null}},"line":150},"5":{"name":"loadSnapshot","decl":{"start":{"line":181,"column":16},"end":{"line":181,"column":29}},"loc":{"start":{"line":181,"column":62},"end":{"line":207,"column":null}},"line":181},"6":{"name":"(anonymous_6)","decl":{"start":{"line":184,"column":34},"end":{"line":184,"column":39}},"loc":{"start":{"line":184,"column":39},"end":{"line":184,"column":54}},"line":184},"7":{"name":"getMenuLibrary","decl":{"start":{"line":212,"column":16},"end":{"line":212,"column":49}},"loc":{"start":{"line":212,"column":49},"end":{"line":225,"column":null}},"line":212},"8":{"name":"clearCurrentMenu","decl":{"start":{"line":230,"column":16},"end":{"line":230,"column":41}},"loc":{"start":{"line":230,"column":41},"end":{"line":237,"column":null}},"line":230},"9":{"name":"exportAllMenus","decl":{"start":{"line":242,"column":16},"end":{"line":242,"column":46}},"loc":{"start":{"line":242,"column":46},"end":{"line":247,"column":null}},"line":242},"10":{"name":"importBackup","decl":{"start":{"line":255,"column":16},"end":{"line":255,"column":29}},"loc":{"start":{"line":255,"column":52},"end":{"line":281,"column":null}},"line":255},"11":{"name":"getStartOfWeek","decl":{"start":{"line":290,"column":9},"end":{"line":290,"column":24}},"loc":{"start":{"line":290,"column":42},"end":{"line":294,"column":null}},"line":290},"12":{"name":"handleStorageError","decl":{"start":{"line":299,"column":9},"end":{"line":299,"column":28}},"loc":{"start":{"line":299,"column":46},"end":{"line":306,"column":null}},"line":299},"13":{"name":"getStorageUsage","decl":{"start":{"line":315,"column":16},"end":{"line":315,"column":null}},"loc":{"start":{"line":319,"column":2},"end":{"line":336,"column":null}},"line":319},"14":{"name":"formatStorageSize","decl":{"start":{"line":341,"column":16},"end":{"line":341,"column":34}},"loc":{"start":{"line":341,"column":57},"end":{"line":349,"column":null}},"line":341}},"branchMap":{"0":{"loc":{"start":{"line":65,"column":24},"end":{"line":65,"column":null}},"type":"binary-expr","locations":[{"start":{"line":65,"column":24},"end":{"line":65,"column":34}},{"start":{"line":65,"column":34},"end":{"line":65,"column":null}}],"line":65},"1":{"loc":{"start":{"line":95,"column":2},"end":{"line":97,"column":null}},"type":"if","locations":[{"start":{"line":95,"column":2},"end":{"line":97,"column":null}},{"start":{},"end":{}}],"line":95},"2":{"loc":{"start":{"line":125,"column":4},"end":{"line":128,"column":null}},"type":"if","locations":[{"start":{"line":125,"column":4},"end":{"line":128,"column":null}},{"start":{},"end":{}}],"line":125},"3":{"loc":{"start":{"line":186,"column":4},"end":{"line":189,"column":null}},"type":"if","locations":[{"start":{"line":186,"column":4},"end":{"line":189,"column":null}},{"start":{},"end":{}}],"line":186},"4":{"loc":{"start":{"line":216,"column":4},"end":{"line":218,"column":null}},"type":"if","locations":[{"start":{"line":216,"column":4},"end":{"line":218,"column":null}},{"start":{},"end":{}}],"line":216},"5":{"loc":{"start":{"line":260,"column":4},"end":{"line":262,"column":null}},"type":"if","locations":[{"start":{"line":260,"column":4},"end":{"line":262,"column":null}},{"start":{},"end":{}}],"line":260},"6":{"loc":{"start":{"line":260,"column":8},"end":{"line":260,"column":55}},"type":"binary-expr","locations":[{"start":{"line":260,"column":8},"end":{"line":260,"column":25}},{"start":{"line":260,"column":25},"end":{"line":260,"column":55}}],"line":260},"7":{"loc":{"start":{"line":265,"column":4},"end":{"line":268,"column":null}},"type":"if","locations":[{"start":{"line":265,"column":4},"end":{"line":268,"column":null}},{"start":{},"end":{}}],"line":265},"8":{"loc":{"start":{"line":271,"column":4},"end":{"line":274,"column":null}},"type":"if","locations":[{"start":{"line":271,"column":4},"end":{"line":274,"column":null}},{"start":{},"end":{}}],"line":271},"9":{"loc":{"start":{"line":292,"column":39},"end":{"line":292,"column":null}},"type":"cond-expr","locations":[{"start":{"line":292,"column":51},"end":{"line":292,"column":56}},{"start":{"line":292,"column":56},"end":{"line":292,"column":null}}],"line":292},"10":{"loc":{"start":{"line":300,"column":2},"end":{"line":305,"column":null}},"type":"if","locations":[{"start":{"line":300,"column":2},"end":{"line":305,"column":null}},{"start":{},"end":{}}],"line":300},"11":{"loc":{"start":{"line":321,"column":24},"end":{"line":321,"column":null}},"type":"binary-expr","locations":[{"start":{"line":321,"column":24},"end":{"line":321,"column":69}},{"start":{"line":321,"column":69},"end":{"line":321,"column":null}}],"line":321},"12":{"loc":{"start":{"line":322,"column":24},"end":{"line":322,"column":null}},"type":"binary-expr","locations":[{"start":{"line":322,"column":24},"end":{"line":322,"column":69}},{"start":{"line":322,"column":69},"end":{"line":322,"column":null}}],"line":322},"13":{"loc":{"start":{"line":342,"column":2},"end":{"line":348,"column":null}},"type":"if","locations":[{"start":{"line":342,"column":2},"end":{"line":348,"column":null}},{"start":{"line":344,"column":2},"end":{"line":348,"column":null}}],"line":342},"14":{"loc":{"start":{"line":344,"column":2},"end":{"line":348,"column":null}},"type":"if","locations":[{"start":{"line":344,"column":2},"end":{"line":348,"column":null}},{"start":{"line":346,"column":9},"end":{"line":348,"column":null}}],"line":344}},"s":{"0":1,"1":1,"2":1,"3":1,"4":74,"5":74,"6":74,"7":9,"8":8,"9":9,"10":4,"11":4,"12":4,"13":4,"14":0,"15":0,"16":20,"17":20,"18":20,"19":19,"20":19,"21":1,"22":1,"23":1,"24":0,"25":0,"26":1,"27":1,"28":1,"29":1,"30":1,"31":1,"32":0,"33":0,"34":1,"35":1,"36":1,"37":1,"38":1,"39":0,"40":0,"41":1,"42":1,"43":1,"44":1,"45":0,"46":0,"47":4,"48":4,"49":4,"50":2,"51":2,"52":0,"53":0,"54":0,"55":0,"56":0,"57":0,"58":1,"59":0,"60":0,"61":0,"62":0,"63":0,"64":0,"65":0,"66":0,"67":0,"68":0,"69":0,"70":0,"71":0,"72":74,"73":74,"74":74,"75":0,"76":0,"77":0,"78":0,"79":0,"80":0,"81":0,"82":0,"83":0,"84":0,"85":0,"86":0,"87":0,"88":0,"89":0,"90":0,"91":0,"92":0},"f":{"0":74,"1":9,"2":4,"3":20,"4":1,"5":1,"6":1,"7":4,"8":0,"9":1,"10":0,"11":74,"12":0,"13":0,"14":0},"b":{"0":[74,74],"1":[8,1],"2":[19,1],"3":[0,1],"4":[2,2],"5":[0,0],"6":[0,0],"7":[0,0],"8":[0,0],"9":[0,74],"10":[0,0],"11":[0,0],"12":[0,0],"13":[0,0],"14":[0,0]},"meta":{"lastBranch":15,"lastFunction":15,"lastStatement":93,"seen":{"s:47:28:47:Infinity":0,"s:48:28:48:Infinity":1,"s:49:30:49:Infinity":2,"s:55:45:55:Infinity":3,"f:64:16:64:32":0,"s:65:24:65:Infinity":4,"b:65:24:65:34:65:34:65:Infinity":0,"s:67:36:71:Infinity":5,"s:73:2:85:Infinity":6,"f:93:16:93:29":1,"b:95:2:97:Infinity:undefined:undefined:undefined:undefined":1,"s:95:2:97:Infinity":7,"s:96:4:96:Infinity":8,"s:100:2:113:Infinity":9,"f:100:31:100:37":2,"s:101:4:112:Infinity":10,"s:102:26:105:Infinity":11,"s:107:6:107:Infinity":12,"s:108:6:108:Infinity":13,"s:110:6:110:Infinity":14,"s:111:6:111:Infinity":15,"f:121:16:121:49":3,"s:122:2:136:Infinity":16,"s:123:19:123:Infinity":17,"b:125:4:128:Infinity:undefined:undefined:undefined:undefined":2,"s:125:4:128:Infinity":18,"s:126:6:126:Infinity":19,"s:127:6:127:Infinity":20,"s:130:17:130:Infinity":21,"s:131:4:131:Infinity":22,"s:132:4:132:Infinity":23,"s:134:4:134:Infinity":24,"s:135:4:135:Infinity":25,"f:146:16:146:Infinity":4,"s:151:2:172:Infinity":26,"s:152:35:157:Infinity":27,"s:160:20:160:Infinity":28,"s:163:4:163:Infinity":29,"s:166:4:166:Infinity":30,"s:168:4:168:Infinity":31,"s:170:4:170:Infinity":32,"s:171:4:171:Infinity":33,"f:181:16:181:29":5,"s:182:2:206:Infinity":34,"s:183:20:183:Infinity":35,"s:184:21:184:Infinity":36,"f:184:34:184:39":6,"s:184:39:184:54":37,"b:186:4:189:Infinity:undefined:undefined:undefined:undefined":3,"s:186:4:189:Infinity":38,"s:187:6:187:Infinity":39,"s:188:6:188:Infinity":40,"s:192:29:196:Infinity":41,"s:199:4:199:Infinity":42,"s:201:4:201:Infinity":43,"s:202:4:202:Infinity":44,"s:204:4:204:Infinity":45,"s:205:4:205:Infinity":46,"f:212:16:212:49":7,"s:213:2:224:Infinity":47,"s:214:19:214:Infinity":48,"b:216:4:218:Infinity:undefined:undefined:undefined:undefined":4,"s:216:4:218:Infinity":49,"s:217:6:217:Infinity":50,"s:220:4:220:Infinity":51,"s:222:4:222:Infinity":52,"s:223:4:223:Infinity":53,"f:230:16:230:41":8,"s:231:2:236:Infinity":54,"s:232:4:232:Infinity":55,"s:233:4:233:Infinity":56,"s:235:4:235:Infinity":57,"f:242:16:242:46":9,"s:243:2:246:Infinity":58,"f:255:16:255:29":10,"s:256:2:280:Infinity":59,"s:257:17:257:Infinity":60,"b:260:4:262:Infinity:undefined:undefined:undefined:undefined":5,"s:260:4:262:Infinity":61,"b:260:8:260:25:260:25:260:55":6,"s:261:6:261:Infinity":62,"b:265:4:268:Infinity:undefined:undefined:undefined:undefined":7,"s:265:4:268:Infinity":63,"s:266:6:266:Infinity":64,"s:267:6:267:Infinity":65,"b:271:4:274:Infinity:undefined:undefined:undefined:undefined":8,"s:271:4:274:Infinity":66,"s:272:6:272:Infinity":67,"s:273:6:273:Infinity":68,"s:276:4:276:Infinity":69,"s:278:4:278:Infinity":70,"s:279:4:279:Infinity":71,"f:290:9:290:24":11,"s:291:14:291:Infinity":72,"s:292:15:292:Infinity":73,"b:292:51:292:56:292:56:292:Infinity":9,"s:293:2:293:Infinity":74,"f:299:9:299:28":12,"b:300:2:305:Infinity:undefined:undefined:undefined:undefined":10,"s:300:2:305:Infinity":75,"s:301:4:301:Infinity":76,"s:302:4:302:Infinity":77,"s:303:4:303:Infinity":78,"s:304:4:304:Infinity":79,"f:315:16:315:Infinity":13,"s:320:2:335:Infinity":80,"s:321:24:321:Infinity":81,"b:321:24:321:69:321:69:321:Infinity":11,"s:322:24:322:Infinity":82,"b:322:24:322:69:322:69:322:Infinity":12,"s:324:24:324:Infinity":83,"s:325:24:325:Infinity":84,"s:327:4:331:Infinity":85,"s:333:4:333:Infinity":86,"s:334:4:334:Infinity":87,"f:341:16:341:34":14,"b:342:2:348:Infinity:344:2:348:Infinity":13,"s:342:2:348:Infinity":88,"s:343:4:343:Infinity":89,"b:344:2:348:Infinity:346:9:348:Infinity":14,"s:344:2:348:Infinity":90,"s:345:4:345:Infinity":91,"s:347:4:347:Infinity":92}}}
,"/Users/dragan/Documents/how-not-to-diet/src/utils/menuSynergyEngine.ts": {"path":"/Users/dragan/Documents/how-not-to-diet/src/utils/menuSynergyEngine.ts","statementMap":{"0":{"start":{"line":52,"column":2},"end":{"line":59,"column":null}},"1":{"start":{"line":53,"column":21},"end":{"line":53,"column":null}},"2":{"start":{"line":54,"column":17},"end":{"line":54,"column":null}},"3":{"start":{"line":55,"column":4},"end":{"line":55,"column":null}},"4":{"start":{"line":57,"column":4},"end":{"line":57,"column":null}},"5":{"start":{"line":58,"column":4},"end":{"line":58,"column":null}},"6":{"start":{"line":69,"column":14},"end":{"line":69,"column":null}},"7":{"start":{"line":71,"column":2},"end":{"line":81,"column":null}},"8":{"start":{"line":72,"column":26},"end":{"line":72,"column":null}},"9":{"start":{"line":73,"column":22},"end":{"line":73,"column":null}},"10":{"start":{"line":76,"column":4},"end":{"line":78,"column":null}},"11":{"start":{"line":77,"column":6},"end":{"line":77,"column":null}},"12":{"start":{"line":80,"column":4},"end":{"line":80,"column":null}},"13":{"start":{"line":83,"column":2},"end":{"line":83,"column":null}},"14":{"start":{"line":97,"column":16},"end":{"line":97,"column":null}},"15":{"start":{"line":98,"column":16},"end":{"line":98,"column":null}},"16":{"start":{"line":100,"column":21},"end":{"line":100,"column":null}},"17":{"start":{"line":101,"column":21},"end":{"line":101,"column":null}},"18":{"start":{"line":104,"column":2},"end":{"line":106,"column":null}},"19":{"start":{"line":105,"column":4},"end":{"line":105,"column":null}},"20":{"start":{"line":109,"column":2},"end":{"line":111,"column":null}},"21":{"start":{"line":110,"column":4},"end":{"line":110,"column":null}},"22":{"start":{"line":114,"column":2},"end":{"line":124,"column":null}},"23":{"start":{"line":116,"column":4},"end":{"line":118,"column":null}},"24":{"start":{"line":117,"column":6},"end":{"line":117,"column":null}},"25":{"start":{"line":121,"column":4},"end":{"line":123,"column":null}},"26":{"start":{"line":121,"column":37},"end":{"line":121,"column":83}},"27":{"start":{"line":122,"column":6},"end":{"line":122,"column":null}},"28":{"start":{"line":126,"column":2},"end":{"line":134,"column":null}},"29":{"start":{"line":127,"column":4},"end":{"line":129,"column":null}},"30":{"start":{"line":128,"column":6},"end":{"line":128,"column":null}},"31":{"start":{"line":131,"column":4},"end":{"line":133,"column":null}},"32":{"start":{"line":131,"column":37},"end":{"line":131,"column":83}},"33":{"start":{"line":132,"column":6},"end":{"line":132,"column":null}},"34":{"start":{"line":137,"column":2},"end":{"line":137,"column":null}},"35":{"start":{"line":156,"column":2},"end":{"line":166,"column":null}},"36":{"start":{"line":158,"column":4},"end":{"line":165,"column":null}},"37":{"start":{"line":159,"column":20},"end":{"line":164,"column":8}},"38":{"start":{"line":169,"column":28},"end":{"line":169,"column":null}},"39":{"start":{"line":170,"column":24},"end":{"line":170,"column":null}},"40":{"start":{"line":170,"column":45},"end":{"line":170,"column":72}},"41":{"start":{"line":172,"column":21},"end":{"line":184,"column":null}},"42":{"start":{"line":174,"column":4},"end":{"line":176,"column":null}},"43":{"start":{"line":175,"column":6},"end":{"line":175,"column":null}},"44":{"start":{"line":179,"column":4},"end":{"line":181,"column":null}},"45":{"start":{"line":180,"column":6},"end":{"line":180,"column":null}},"46":{"start":{"line":183,"column":4},"end":{"line":183,"column":null}},"47":{"start":{"line":187,"column":47},"end":{"line":209,"column":null}},"48":{"start":{"line":188,"column":21},"end":{"line":188,"column":null}},"49":{"start":{"line":189,"column":42},"end":{"line":189,"column":null}},"50":{"start":{"line":191,"column":4},"end":{"line":201,"column":null}},"51":{"start":{"line":192,"column":20},"end":{"line":192,"column":null}},"52":{"start":{"line":193,"column":6},"end":{"line":193,"column":null}},"53":{"start":{"line":195,"column":6},"end":{"line":200,"column":null}},"54":{"start":{"line":196,"column":8},"end":{"line":199,"column":null}},"55":{"start":{"line":203,"column":4},"end":{"line":208,"column":null}},"56":{"start":{"line":212,"column":28},"end":{"line":227,"column":null}},"57":{"start":{"line":213,"column":20},"end":{"line":213,"column":51}},"58":{"start":{"line":215,"column":41},"end":{"line":215,"column":null}},"59":{"start":{"line":217,"column":6},"end":{"line":221,"column":null}},"60":{"start":{"line":218,"column":8},"end":{"line":218,"column":null}},"61":{"start":{"line":219,"column":6},"end":{"line":221,"column":null}},"62":{"start":{"line":220,"column":8},"end":{"line":220,"column":null}},"63":{"start":{"line":223,"column":6},"end":{"line":226,"column":null}},"64":{"start":{"line":229,"column":2},"end":{"line":229,"column":null}},"65":{"start":{"line":244,"column":2},"end":{"line":246,"column":null}},"66":{"start":{"line":245,"column":4},"end":{"line":245,"column":null}},"67":{"start":{"line":249,"column":2},"end":{"line":249,"column":null}},"68":{"start":{"line":256,"column":2},"end":{"line":256,"column":null}},"69":{"start":{"line":256,"column":30},"end":{"line":256,"column":70}},"70":{"start":{"line":267,"column":2},"end":{"line":286,"column":null}},"71":{"start":{"line":269,"column":6},"end":{"line":273,"column":null}},"72":{"start":{"line":275,"column":6},"end":{"line":279,"column":null}},"73":{"start":{"line":281,"column":6},"end":{"line":285,"column":null}},"74":{"start":{"line":294,"column":2},"end":{"line":294,"column":null}},"75":{"start":{"line":295,"column":16},"end":{"line":295,"column":null}},"76":{"start":{"line":296,"column":2},"end":{"line":296,"column":null}},"77":{"start":{"line":298,"column":21},"end":{"line":298,"column":null}},"78":{"start":{"line":299,"column":2},"end":{"line":299,"column":null}},"79":{"start":{"line":302,"column":15},"end":{"line":302,"column":null}},"80":{"start":{"line":302,"column":31},"end":{"line":302,"column":67}},"81":{"start":{"line":303,"column":2},"end":{"line":306,"column":null}},"82":{"start":{"line":304,"column":4},"end":{"line":304,"column":null}},"83":{"start":{"line":305,"column":4},"end":{"line":305,"column":null}},"84":{"start":{"line":308,"column":2},"end":{"line":308,"column":null}},"85":{"start":{"line":309,"column":2},"end":{"line":309,"column":null}},"86":{"start":{"line":311,"column":22},"end":{"line":316,"column":null}},"87":{"start":{"line":318,"column":2},"end":{"line":318,"column":null}},"88":{"start":{"line":319,"column":2},"end":{"line":330,"column":null}},"89":{"start":{"line":320,"column":20},"end":{"line":320,"column":null}},"90":{"start":{"line":321,"column":4},"end":{"line":323,"column":null}},"91":{"start":{"line":325,"column":4},"end":{"line":329,"column":null}},"92":{"start":{"line":326,"column":6},"end":{"line":328,"column":null}},"93":{"start":{"line":327,"column":8},"end":{"line":327,"column":null}}},"fnMap":{"0":{"name":"loadFoodsBundle","decl":{"start":{"line":51,"column":22},"end":{"line":51,"column":57}},"loc":{"start":{"line":51,"column":57},"end":{"line":60,"column":null}},"line":51},"1":{"name":"buildSynergyMap","decl":{"start":{"line":68,"column":16},"end":{"line":68,"column":32}},"loc":{"start":{"line":68,"column":73},"end":{"line":84,"column":null}},"line":68},"2":{"name":"getSynergyScore","decl":{"start":{"line":92,"column":16},"end":{"line":92,"column":null}},"loc":{"start":{"line":96,"column":10},"end":{"line":138,"column":null}},"line":96},"3":{"name":"(anonymous_3)","decl":{"start":{"line":121,"column":30},"end":{"line":121,"column":37}},"loc":{"start":{"line":121,"column":37},"end":{"line":121,"column":83}},"line":121},"4":{"name":"(anonymous_4)","decl":{"start":{"line":131,"column":30},"end":{"line":131,"column":37}},"loc":{"start":{"line":131,"column":37},"end":{"line":131,"column":83}},"line":131},"5":{"name":"calculateSuggestions","decl":{"start":{"line":149,"column":16},"end":{"line":149,"column":null}},"loc":{"start":{"line":154,"column":22},"end":{"line":230,"column":null}},"line":154},"6":{"name":"(anonymous_6)","decl":{"start":{"line":159,"column":11},"end":{"line":159,"column":20}},"loc":{"start":{"line":159,"column":20},"end":{"line":164,"column":8}},"line":159},"7":{"name":"(anonymous_7)","decl":{"start":{"line":170,"column":40},"end":{"line":170,"column":45}},"loc":{"start":{"line":170,"column":45},"end":{"line":170,"column":72}},"line":170},"8":{"name":"(anonymous_8)","decl":{"start":{"line":172,"column":37},"end":{"line":172,"column":45}},"loc":{"start":{"line":172,"column":45},"end":{"line":184,"column":3}},"line":172},"9":{"name":"(anonymous_9)","decl":{"start":{"line":187,"column":62},"end":{"line":187,"column":75}},"loc":{"start":{"line":187,"column":75},"end":{"line":209,"column":3}},"line":187},"10":{"name":"(anonymous_10)","decl":{"start":{"line":213,"column":10},"end":{"line":213,"column":11}},"loc":{"start":{"line":213,"column":20},"end":{"line":213,"column":51}},"line":213},"11":{"name":"(anonymous_11)","decl":{"start":{"line":214,"column":9},"end":{"line":214,"column":10}},"loc":{"start":{"line":214,"column":32},"end":{"line":227,"column":5}},"line":214},"12":{"name":"isFoodAppropriateForMeal","decl":{"start":{"line":242,"column":16},"end":{"line":242,"column":41}},"loc":{"start":{"line":242,"column":82},"end":{"line":250,"column":null}},"line":242},"13":{"name":"filterByMealTiming","decl":{"start":{"line":255,"column":16},"end":{"line":255,"column":35}},"loc":{"start":{"line":255,"column":78},"end":{"line":257,"column":null}},"line":255},"14":{"name":"(anonymous_14)","decl":{"start":{"line":256,"column":22},"end":{"line":256,"column":30}},"loc":{"start":{"line":256,"column":30},"end":{"line":256,"column":70}},"line":256},"15":{"name":"getCategoryDisplay","decl":{"start":{"line":262,"column":16},"end":{"line":262,"column":35}},"loc":{"start":{"line":266,"column":2},"end":{"line":287,"column":null}},"line":266},"16":{"name":"runExample","decl":{"start":{"line":293,"column":22},"end":{"line":293,"column":35}},"loc":{"start":{"line":293,"column":35},"end":{"line":331,"column":null}},"line":293},"17":{"name":"(anonymous_17)","decl":{"start":{"line":302,"column":26},"end":{"line":302,"column":31}},"loc":{"start":{"line":302,"column":31},"end":{"line":302,"column":67}},"line":302},"18":{"name":"(anonymous_18)","decl":{"start":{"line":319,"column":35},"end":{"line":319,"column":36}},"loc":{"start":{"line":319,"column":58},"end":{"line":330,"column":3}},"line":319},"19":{"name":"(anonymous_19)","decl":{"start":{"line":326,"column":35},"end":{"line":326,"column":36}},"loc":{"start":{"line":326,"column":60},"end":{"line":328,"column":7}},"line":326}},"branchMap":{"0":{"loc":{"start":{"line":55,"column":11},"end":{"line":55,"column":null}},"type":"binary-expr","locations":[{"start":{"line":55,"column":11},"end":{"line":55,"column":25}},{"start":{"line":55,"column":25},"end":{"line":55,"column":null}}],"line":55},"1":{"loc":{"start":{"line":100,"column":21},"end":{"line":100,"column":null}},"type":"binary-expr","locations":[{"start":{"line":100,"column":21},"end":{"line":100,"column":46}},{"start":{"line":100,"column":46},"end":{"line":100,"column":null}}],"line":100},"2":{"loc":{"start":{"line":101,"column":21},"end":{"line":101,"column":null}},"type":"binary-expr","locations":[{"start":{"line":101,"column":21},"end":{"line":101,"column":46}},{"start":{"line":101,"column":46},"end":{"line":101,"column":null}}],"line":101},"3":{"loc":{"start":{"line":104,"column":2},"end":{"line":106,"column":null}},"type":"if","locations":[{"start":{"line":104,"column":2},"end":{"line":106,"column":null}},{"start":{},"end":{}}],"line":104},"4":{"loc":{"start":{"line":109,"column":2},"end":{"line":111,"column":null}},"type":"if","locations":[{"start":{"line":109,"column":2},"end":{"line":111,"column":null}},{"start":{},"end":{}}],"line":109},"5":{"loc":{"start":{"line":116,"column":4},"end":{"line":118,"column":null}},"type":"if","locations":[{"start":{"line":116,"column":4},"end":{"line":118,"column":null}},{"start":{},"end":{}}],"line":116},"6":{"loc":{"start":{"line":116,"column":8},"end":{"line":116,"column":60}},"type":"binary-expr","locations":[{"start":{"line":116,"column":8},"end":{"line":116,"column":35}},{"start":{"line":116,"column":35},"end":{"line":116,"column":60}}],"line":116},"7":{"loc":{"start":{"line":121,"column":4},"end":{"line":123,"column":null}},"type":"if","locations":[{"start":{"line":121,"column":4},"end":{"line":123,"column":null}},{"start":{},"end":{}}],"line":121},"8":{"loc":{"start":{"line":121,"column":37},"end":{"line":121,"column":83}},"type":"binary-expr","locations":[{"start":{"line":121,"column":37},"end":{"line":121,"column":62}},{"start":{"line":121,"column":62},"end":{"line":121,"column":83}}],"line":121},"9":{"loc":{"start":{"line":127,"column":4},"end":{"line":129,"column":null}},"type":"if","locations":[{"start":{"line":127,"column":4},"end":{"line":129,"column":null}},{"start":{},"end":{}}],"line":127},"10":{"loc":{"start":{"line":127,"column":8},"end":{"line":127,"column":60}},"type":"binary-expr","locations":[{"start":{"line":127,"column":8},"end":{"line":127,"column":35}},{"start":{"line":127,"column":35},"end":{"line":127,"column":60}}],"line":127},"11":{"loc":{"start":{"line":131,"column":4},"end":{"line":133,"column":null}},"type":"if","locations":[{"start":{"line":131,"column":4},"end":{"line":133,"column":null}},{"start":{},"end":{}}],"line":131},"12":{"loc":{"start":{"line":131,"column":37},"end":{"line":131,"column":83}},"type":"binary-expr","locations":[{"start":{"line":131,"column":37},"end":{"line":131,"column":62}},{"start":{"line":131,"column":62},"end":{"line":131,"column":83}}],"line":131},"13":{"loc":{"start":{"line":156,"column":2},"end":{"line":166,"column":null}},"type":"if","locations":[{"start":{"line":156,"column":2},"end":{"line":166,"column":null}},{"start":{},"end":{}}],"line":156},"14":{"loc":{"start":{"line":174,"column":4},"end":{"line":176,"column":null}},"type":"if","locations":[{"start":{"line":174,"column":4},"end":{"line":176,"column":null}},{"start":{},"end":{}}],"line":174},"15":{"loc":{"start":{"line":179,"column":4},"end":{"line":181,"column":null}},"type":"if","locations":[{"start":{"line":179,"column":4},"end":{"line":181,"column":null}},{"start":{},"end":{}}],"line":179},"16":{"loc":{"start":{"line":195,"column":6},"end":{"line":200,"column":null}},"type":"if","locations":[{"start":{"line":195,"column":6},"end":{"line":200,"column":null}},{"start":{},"end":{}}],"line":195},"17":{"loc":{"start":{"line":217,"column":6},"end":{"line":221,"column":null}},"type":"if","locations":[{"start":{"line":217,"column":6},"end":{"line":221,"column":null}},{"start":{"line":219,"column":6},"end":{"line":221,"column":null}}],"line":217},"18":{"loc":{"start":{"line":217,"column":10},"end":{"line":217,"column":53}},"type":"binary-expr","locations":[{"start":{"line":217,"column":10},"end":{"line":217,"column":23}},{"start":{"line":217,"column":23},"end":{"line":217,"column":53}}],"line":217},"19":{"loc":{"start":{"line":219,"column":6},"end":{"line":221,"column":null}},"type":"if","locations":[{"start":{"line":219,"column":6},"end":{"line":221,"column":null}},{"start":{},"end":{}}],"line":219},"20":{"loc":{"start":{"line":219,"column":17},"end":{"line":219,"column":60}},"type":"binary-expr","locations":[{"start":{"line":219,"column":17},"end":{"line":219,"column":30}},{"start":{"line":219,"column":30},"end":{"line":219,"column":60}}],"line":219},"21":{"loc":{"start":{"line":244,"column":2},"end":{"line":246,"column":null}},"type":"if","locations":[{"start":{"line":244,"column":2},"end":{"line":246,"column":null}},{"start":{},"end":{}}],"line":244},"22":{"loc":{"start":{"line":267,"column":2},"end":{"line":286,"column":null}},"type":"switch","locations":[{"start":{"line":268,"column":4},"end":{"line":273,"column":null}},{"start":{"line":274,"column":4},"end":{"line":279,"column":null}},{"start":{"line":280,"column":4},"end":{"line":285,"column":null}}],"line":267},"23":{"loc":{"start":{"line":303,"column":2},"end":{"line":306,"column":null}},"type":"if","locations":[{"start":{"line":303,"column":2},"end":{"line":306,"column":null}},{"start":{},"end":{}}],"line":303},"24":{"loc":{"start":{"line":325,"column":4},"end":{"line":329,"column":null}},"type":"if","locations":[{"start":{"line":325,"column":4},"end":{"line":329,"column":null}},{"start":{},"end":{}}],"line":325}},"s":{"0":19,"1":19,"2":19,"3":19,"4":0,"5":0,"6":19,"7":19,"8":57,"9":57,"10":57,"11":114,"12":57,"13":19,"14":12,"15":12,"16":12,"17":12,"18":12,"19":0,"20":12,"21":0,"22":12,"23":18,"24":6,"25":12,"26":24,"27":0,"28":6,"29":12,"30":0,"31":12,"32":24,"33":0,"34":6,"35":21,"36":15,"37":45,"38":6,"39":6,"40":18,"41":6,"42":18,"43":6,"44":12,"45":0,"46":12,"47":6,"48":12,"49":12,"50":12,"51":12,"52":12,"53":12,"54":6,"55":12,"56":6,"57":6,"58":12,"59":12,"60":6,"61":6,"62":0,"63":12,"64":6,"65":57,"66":57,"67":0,"68":15,"69":45,"70":0,"71":0,"72":0,"73":0,"74":0,"75":0,"76":0,"77":0,"78":0,"79":0,"80":0,"81":0,"82":0,"83":0,"84":0,"85":0,"86":0,"87":0,"88":0,"89":0,"90":0,"91":0,"92":0,"93":0},"f":{"0":19,"1":19,"2":12,"3":24,"4":24,"5":21,"6":45,"7":18,"8":18,"9":12,"10":6,"11":12,"12":57,"13":15,"14":45,"15":0,"16":0,"17":0,"18":0,"19":0},"b":{"0":[19,0],"1":[12,0],"2":[12,0],"3":[0,12],"4":[0,12],"5":[6,12],"6":[18,12],"7":[0,12],"8":[24,24],"9":[0,12],"10":[12,12],"11":[0,12],"12":[24,24],"13":[15,6],"14":[6,12],"15":[0,12],"16":[6,6],"17":[6,6],"18":[12,12],"19":[0,6],"20":[6,6],"21":[57,0],"22":[0,0,0],"23":[0,0],"24":[0,0]},"meta":{"lastBranch":25,"lastFunction":20,"lastStatement":94,"seen":{"f:51:22:51:57":0,"s:52:2:59:Infinity":0,"s:53:21:53:Infinity":1,"s:54:17:54:Infinity":2,"s:55:4:55:Infinity":3,"b:55:11:55:25:55:25:55:Infinity":0,"s:57:4:57:Infinity":4,"s:58:4:58:Infinity":5,"f:68:16:68:32":1,"s:69:14:69:Infinity":6,"s:71:2:81:Infinity":7,"s:72:26:72:Infinity":8,"s:73:22:73:Infinity":9,"s:76:4:78:Infinity":10,"s:77:6:77:Infinity":11,"s:80:4:80:Infinity":12,"s:83:2:83:Infinity":13,"f:92:16:92:Infinity":2,"s:97:16:97:Infinity":14,"s:98:16:98:Infinity":15,"s:100:21:100:Infinity":16,"b:100:21:100:46:100:46:100:Infinity":1,"s:101:21:101:Infinity":17,"b:101:21:101:46:101:46:101:Infinity":2,"b:104:2:106:Infinity:undefined:undefined:undefined:undefined":3,"s:104:2:106:Infinity":18,"s:105:4:105:Infinity":19,"b:109:2:111:Infinity:undefined:undefined:undefined:undefined":4,"s:109:2:111:Infinity":20,"s:110:4:110:Infinity":21,"s:114:2:124:Infinity":22,"b:116:4:118:Infinity:undefined:undefined:undefined:undefined":5,"s:116:4:118:Infinity":23,"b:116:8:116:35:116:35:116:60":6,"s:117:6:117:Infinity":24,"b:121:4:123:Infinity:undefined:undefined:undefined:undefined":7,"s:121:4:123:Infinity":25,"f:121:30:121:37":3,"s:121:37:121:83":26,"b:121:37:121:62:121:62:121:83":8,"s:122:6:122:Infinity":27,"s:126:2:134:Infinity":28,"b:127:4:129:Infinity:undefined:undefined:undefined:undefined":9,"s:127:4:129:Infinity":29,"b:127:8:127:35:127:35:127:60":10,"s:128:6:128:Infinity":30,"b:131:4:133:Infinity:undefined:undefined:undefined:undefined":11,"s:131:4:133:Infinity":31,"f:131:30:131:37":4,"s:131:37:131:83":32,"b:131:37:131:62:131:62:131:83":12,"s:132:6:132:Infinity":33,"s:137:2:137:Infinity":34,"f:149:16:149:Infinity":5,"b:156:2:166:Infinity:undefined:undefined:undefined:undefined":13,"s:156:2:166:Infinity":35,"s:158:4:165:Infinity":36,"f:159:11:159:20":6,"s:159:20:164:8":37,"s:169:28:169:Infinity":38,"s:170:24:170:Infinity":39,"f:170:40:170:45":7,"s:170:45:170:72":40,"s:172:21:184:Infinity":41,"f:172:37:172:45":8,"b:174:4:176:Infinity:undefined:undefined:undefined:undefined":14,"s:174:4:176:Infinity":42,"s:175:6:175:Infinity":43,"b:179:4:181:Infinity:undefined:undefined:undefined:undefined":15,"s:179:4:181:Infinity":44,"s:180:6:180:Infinity":45,"s:183:4:183:Infinity":46,"s:187:47:209:Infinity":47,"f:187:62:187:75":9,"s:188:21:188:Infinity":48,"s:189:42:189:Infinity":49,"s:191:4:201:Infinity":50,"s:192:20:192:Infinity":51,"s:193:6:193:Infinity":52,"b:195:6:200:Infinity:undefined:undefined:undefined:undefined":16,"s:195:6:200:Infinity":53,"s:196:8:199:Infinity":54,"s:203:4:208:Infinity":55,"s:212:28:227:Infinity":56,"f:213:10:213:11":10,"s:213:20:213:51":57,"f:214:9:214:10":11,"s:215:41:215:Infinity":58,"b:217:6:221:Infinity:219:6:221:Infinity":17,"s:217:6:221:Infinity":59,"b:217:10:217:23:217:23:217:53":18,"s:218:8:218:Infinity":60,"b:219:6:221:Infinity:undefined:undefined:undefined:undefined":19,"s:219:6:221:Infinity":61,"b:219:17:219:30:219:30:219:60":20,"s:220:8:220:Infinity":62,"s:223:6:226:Infinity":63,"s:229:2:229:Infinity":64,"f:242:16:242:41":12,"b:244:2:246:Infinity:undefined:undefined:undefined:undefined":21,"s:244:2:246:Infinity":65,"s:245:4:245:Infinity":66,"s:249:2:249:Infinity":67,"f:255:16:255:35":13,"s:256:2:256:Infinity":68,"f:256:22:256:30":14,"s:256:30:256:70":69,"f:262:16:262:35":15,"b:268:4:273:Infinity:274:4:279:Infinity:280:4:285:Infinity":22,"s:267:2:286:Infinity":70,"s:269:6:273:Infinity":71,"s:275:6:279:Infinity":72,"s:281:6:285:Infinity":73,"f:293:22:293:35":16,"s:294:2:294:Infinity":74,"s:295:16:295:Infinity":75,"s:296:2:296:Infinity":76,"s:298:21:298:Infinity":77,"s:299:2:299:Infinity":78,"s:302:15:302:Infinity":79,"f:302:26:302:31":17,"s:302:31:302:67":80,"b:303:2:306:Infinity:undefined:undefined:undefined:undefined":23,"s:303:2:306:Infinity":81,"s:304:4:304:Infinity":82,"s:305:4:305:Infinity":83,"s:308:2:308:Infinity":84,"s:309:2:309:Infinity":85,"s:311:22:316:Infinity":86,"s:318:2:318:Infinity":87,"s:319:2:330:Infinity":88,"f:319:35:319:36":18,"s:320:20:320:Infinity":89,"s:321:4:323:Infinity":90,"b:325:4:329:Infinity:undefined:undefined:undefined:undefined":24,"s:325:4:329:Infinity":91,"s:326:6:328:Infinity":92,"f:326:35:326:36":19,"s:327:8:327:Infinity":93}}}
}
